Using pre-set license
Built from '2021.3/staging' branch; Version is '2021.3.30f1 (b4360d7cdac4) revision 11810317'; Using compiler version '192829333'; Build Type 'Release'
OS: 'Windows 10  (10.0.19045) 64bit Core' Language: 'ru' Physical Memory: 7893 MB
BatchMode: 1, IsHumanControllingUs: 0, StartBugReporterOnCrash: 0, Is64bit: 1, IsPro: 1

COMMAND LINE ARGUMENTS:
C:\Program Files\Unity 2021.3.30f1\Editor\Unity.exe
-adb2
-batchMode
-noUpm
-name
AssetImportWorker10
-projectPath
C:/Users/nasta/VisualEffectsOfDepths
-logFile
Logs/AssetImportWorker10.log
-srvPort
58672
Successfully changed project path to: C:/Users/nasta/VisualEffectsOfDepths
C:/Users/nasta/VisualEffectsOfDepths
[UnityMemory] Configuration Parameters - Can be set up in boot.config
    "memorysetup-bucket-allocator-granularity=16"
    "memorysetup-bucket-allocator-bucket-count=8"
    "memorysetup-bucket-allocator-block-size=33554432"
    "memorysetup-bucket-allocator-block-count=8"
    "memorysetup-main-allocator-block-size=16777216"
    "memorysetup-thread-allocator-block-size=16777216"
    "memorysetup-gfx-main-allocator-block-size=16777216"
    "memorysetup-gfx-thread-allocator-block-size=16777216"
    "memorysetup-cache-allocator-block-size=4194304"
    "memorysetup-typetree-allocator-block-size=2097152"
    "memorysetup-profiler-bucket-allocator-granularity=16"
    "memorysetup-profiler-bucket-allocator-bucket-count=8"
    "memorysetup-profiler-bucket-allocator-block-size=33554432"
    "memorysetup-profiler-bucket-allocator-block-count=8"
    "memorysetup-profiler-allocator-block-size=16777216"
    "memorysetup-profiler-editor-allocator-block-size=1048576"
    "memorysetup-temp-allocator-size-main=16777216"
    "memorysetup-job-temp-allocator-block-size=2097152"
    "memorysetup-job-temp-allocator-block-size-background=1048576"
    "memorysetup-job-temp-allocator-reduction-small-platforms=262144"
    "memorysetup-temp-allocator-size-background-worker=32768"
    "memorysetup-temp-allocator-size-job-worker=262144"
    "memorysetup-temp-allocator-size-preload-manager=33554432"
    "memorysetup-temp-allocator-size-nav-mesh-worker=65536"
    "memorysetup-temp-allocator-size-audio-worker=65536"
    "memorysetup-temp-allocator-size-cloud-worker=32768"
    "memorysetup-temp-allocator-size-gi-baking-worker=262144"
    "memorysetup-temp-allocator-size-gfx=262144"
Player connection [37976] Host "[IP] 26.93.114.81 [Port] 0 [Flags] 2 [Guid] 3898406231 [EditorId] 3898406231 [Version] 1048832 [Id] WindowsEditor(7,DESKTOP-R8GVPI6) [Debug] 1 [PackageName] WindowsEditor [ProjectName] Editor" joined multi-casting on [225.0.0.222:54997]...

Player connection [37976] Host "[IP] 26.93.114.81 [Port] 0 [Flags] 2 [Guid] 3898406231 [EditorId] 3898406231 [Version] 1048832 [Id] WindowsEditor(7,DESKTOP-R8GVPI6) [Debug] 1 [PackageName] WindowsEditor [ProjectName] Editor" joined alternative multi-casting on [225.0.0.222:34997]...

[Physics::Module] Initialized MultithreadedJobDispatcher with {0} workers.
Refreshing native plugins compatible for Editor in 170.58 ms, found 3 plugins.
Preloading 0 native plugins for Editor in 0.00 ms.
Initialize engine version: 2021.3.30f1 (b4360d7cdac4)
[Subsystems] Discovering subsystems at path C:/Program Files/Unity 2021.3.30f1/Editor/Data/Resources/UnitySubsystems
[Subsystems] Discovering subsystems at path C:/Users/nasta/VisualEffectsOfDepths/Assets
GfxDevice: creating device client; threaded=0; jobified=0
Direct3D:
    Version:  Direct3D 11.0 [level 11.1]
    Renderer: NVIDIA GeForce RTX 3050 Laptop GPU (ID=0x25a2)
    Vendor:   NVIDIA
    VRAM:     3965 MB
    Driver:   32.0.15.5599
Initialize mono
Mono path[0] = 'C:/Program Files/Unity 2021.3.30f1/Editor/Data/Managed'
Mono path[1] = 'C:/Program Files/Unity 2021.3.30f1/Editor/Data/MonoBleedingEdge/lib/mono/unityjit-win32'
Mono config path = 'C:/Program Files/Unity 2021.3.30f1/Editor/Data/MonoBleedingEdge/etc'
Using monoOptions --debugger-agent=transport=dt_socket,embedding=1,server=y,suspend=n,address=127.0.0.1:56424
Begin MonoManager ReloadAssembly
Registering precompiled unity dll's ...
Register platform support module: C:/Program Files/Unity 2021.3.30f1/Editor/Data/PlaybackEngines/WindowsStandaloneSupport/UnityEditor.WindowsStandalone.Extensions.dll
Registered in 0.007746 seconds.
Native extension for WindowsStandalone target not found
Refreshing native plugins compatible for Editor in 135.45 ms, found 3 plugins.
Preloading 0 native plugins for Editor in 0.00 ms.
Mono: successfully reloaded assembly
- Completed reload, in  0.769 seconds
Domain Reload Profiling:
	ReloadAssembly (769ms)
		BeginReloadAssembly (171ms)
			ExecutionOrderSort (0ms)
			DisableScriptedObjects (0ms)
			BackupInstance (0ms)
			ReleaseScriptingObjects (0ms)
			CreateAndSetChildDomain (2ms)
		EndReloadAssembly (490ms)
			LoadAssemblies (166ms)
			RebuildTransferFunctionScriptingTraits (1ms)
			SetupTypeCache (108ms)
			ReleaseScriptCaches (0ms)
			RebuildScriptCaches (30ms)
			SetupLoadedEditorAssemblies (312ms)
				LogAssemblyErrors (0ms)
				InitializePlatformSupportModulesInManaged (7ms)
				SetLoadedEditorAssemblies (0ms)
				RefreshPlugins (136ms)
				BeforeProcessingInitializeOnLoad (2ms)
				ProcessInitializeOnLoadAttributes (108ms)
				ProcessInitializeOnLoadMethodAttributes (60ms)
				AfterProcessingInitializeOnLoad (0ms)
				EditorAssembliesLoaded (0ms)
			ExecutionOrderSort2 (0ms)
			AwakeInstancesAfterBackupRestoration (0ms)
Platform modules already initialized, skipping
Registering precompiled user dll's ...
Registered in 0.016179 seconds.
Begin MonoManager ReloadAssembly
Native extension for WindowsStandalone target not found
Refreshing native plugins compatible for Editor in 183.49 ms, found 3 plugins.
Preloading 0 native plugins for Editor in 0.00 ms.
Package Manager log level set to [2]
[Package Manager] Server::EnsureServerProcessIsRunning -- launch failed, reason: Unity was launched with the -noUpm command-line argument
[Package Manager] Cannot connect to Unity Package Manager local server
Mono: successfully reloaded assembly
- Completed reload, in  2.328 seconds
Domain Reload Profiling:
	ReloadAssembly (2329ms)
		BeginReloadAssembly (137ms)
			ExecutionOrderSort (0ms)
			DisableScriptedObjects (8ms)
			BackupInstance (0ms)
			ReleaseScriptingObjects (0ms)
			CreateAndSetChildDomain (32ms)
		EndReloadAssembly (2064ms)
			LoadAssemblies (171ms)
			RebuildTransferFunctionScriptingTraits (0ms)
			SetupTypeCache (306ms)
			ReleaseScriptCaches (1ms)
			RebuildScriptCaches (97ms)
			SetupLoadedEditorAssemblies (1463ms)
				LogAssemblyErrors (0ms)
				InitializePlatformSupportModulesInManaged (3ms)
				SetLoadedEditorAssemblies (0ms)
				RefreshPlugins (184ms)
				BeforeProcessingInitializeOnLoad (130ms)
				ProcessInitializeOnLoadAttributes (1014ms)
				ProcessInitializeOnLoadMethodAttributes (122ms)
				AfterProcessingInitializeOnLoad (10ms)
				EditorAssembliesLoaded (0ms)
			ExecutionOrderSort2 (0ms)
			AwakeInstancesAfterBackupRestoration (5ms)
Platform modules already initialized, skipping
========================================================================
Worker process is ready to serve import requests
Launched and connected shader compiler UnityShaderCompiler.exe after 0.08 seconds
Refreshing native plugins compatible for Editor in 1.74 ms, found 3 plugins.
Preloading 0 native plugins for Editor in 0.00 ms.
Unloading 6649 Unused Serialized files (Serialized files now loaded: 0)
Unloading 49 unused Assets / (3.8 MB). Loaded Objects now: 7115.
Memory consumption went from 417.7 MB to 413.9 MB.
Total: 5.884700 ms (FindLiveObjects: 0.539000 ms CreateObjectMapping: 0.288600 ms MarkObjects: 4.148500 ms  DeleteObjects: 0.907300 ms)

AssetImportParameters requested are different than current active one (requested -> active):
  custom:video-decoder-ogg-theora: a1e56fd34408186e4bbccfd4996cb3dc -> 
  custom:container-muxer-webm: aa71ff27fc2769a1b78a27578f13a17b -> 
  custom:container-demuxer-webm: 4f35f7cbe854078d1ac9338744f61a02 -> 
  custom:video-encoder-webm-vp8: eb34c28f22e8b96e1ab97ce403110664 -> 
  custom:CustomObjectIndexerAttribute: 6b0e35c9178b02a6363f3721b7b8e397 -> 
  custom:audio-encoder-webm-vorbis: bf7c407c2cedff20999df2af8eb42d56 -> 
  custom:framework-win-MediaFoundation: 216162199b28c13a410421893ffa2e32 -> 
  custom:SearchIndexIgnoredProperties: e643bd26f0fe6173181afceb89e7c659 -> 
  custom:container-demuxer-ogg: 62fdf1f143b41e24485cea50d1cbac27 -> 
  custom:video-decoder-webm-vp8: 9c59270c3fd7afecdb556c50c9e8de78 -> 
  custom:audio-decoder-ogg-vorbis: bf7c407c2cedff20999df2af8eb42d56 -> 
========================================================================
Received Import Request.
  Time since last request: 684405.171944 seconds.
  path: Assets/Sand/Materials/M_YFSM_Sand02.mat
  artifactKey: Guid(b5ced793883eff9439dfb6d7848aead2) Importer(815301076,1909f56bfc062723c751e8b465ee728b)
Number of updated assets reloaded before import = 0
Start importing Assets/Sand/Materials/M_YFSM_Sand02.mat using Guid(b5ced793883eff9439dfb6d7848aead2) Importer(815301076,1909f56bfc062723c751e8b465ee728b) High Definition Render Pipeline doesn't support Gamma mode, change to Linear mode (HDRP isn't set up properly. Go to Window > Rendering > HDRP Wizard to fix your settings).
UnityEngine.StackTraceUtility:ExtractStackTrace ()
UnityEngine.DebugLogHandler:LogFormat (UnityEngine.LogType,UnityEngine.Object,string,object[])
UnityEngine.Logger:Log (UnityEngine.LogType,object)
UnityEngine.Debug:LogError (object)
UnityEngine.Rendering.HighDefinition.HDRenderPipeline:SetRenderingFeatures () (at Library/PackageCache/com.unity.render-pipelines.high-definition@12.1.12/Runtime/RenderPipeline/HDRenderPipeline.cs:582)
UnityEngine.Rendering.HighDefinition.HDRenderPipeline:.ctor (UnityEngine.Rendering.HighDefinition.HDRenderPipelineAsset) (at Library/PackageCache/com.unity.render-pipelines.high-definition@12.1.12/Runtime/RenderPipeline/HDRenderPipeline.cs:283)
UnityEngine.Rendering.HighDefinition.HDRenderPipelineAsset:CreatePipeline () (at Library/PackageCache/com.unity.render-pipelines.high-definition@12.1.12/Runtime/RenderPipeline/HDRenderPipelineAsset.cs:49)
UnityEngine.Rendering.RenderPipelineAsset:InternalCreatePipeline ()
UnityEngine.Rendering.RenderPipelineManager:PrepareRenderPipeline (UnityEngine.Rendering.RenderPipelineAsset)
UnityEngine.Rendering.RenderPipelineManager:DoRenderLoop_Internal (UnityEngine.Rendering.RenderPipelineAsset,intptr,System.Collections.Generic.List`1<UnityEngine.Camera/RenderRequest>,Unity.Collections.LowLevel.Unsafe.AtomicSafetyHandle)
UnityEditor.PreviewRenderUtility:Render (bool,bool)
UnityEditor.MaterialEditor:DoRenderPreview (UnityEditor.PreviewRenderUtility,bool)
UnityEditor.MaterialEditor:RenderStaticPreview (string,UnityEngine.Object[],int,int)
UnityEditor.AssetPreviewUpdater:CreatePreview (UnityEngine.Object,UnityEngine.Object[],string,int,int)
UnityEditor.AssetPreviewUpdater:CreatePreviewForAsset (UnityEngine.Object,UnityEngine.Object[],string)

(Filename: Library/PackageCache/com.unity.render-pipelines.high-definition@12.1.12/Runtime/RenderPipeline/HDRenderPipeline.cs Line: 582)

Requested RenderTexture with sRGB format. sRGB formats are not supported in gamma mode, fallback to a UNorm format. Use a UNorm format instead of sRGB to silence this warning.
UnityEngine.StackTraceUtility:ExtractStackTrace ()
UnityEngine.Rendering.RTHandleSystem:AllocAutoSizedRenderTexture (int,int,int,UnityEngine.Rendering.DepthBits,UnityEngine.Experimental.Rendering.GraphicsFormat,UnityEngine.FilterMode,UnityEngine.TextureWrapMode,UnityEngine.Rendering.TextureDimension,bool,bool,bool,bool,int,single,UnityEngine.Rendering.MSAASamples,bool,bool,UnityEngine.RenderTextureMemoryless,string) (at Library/PackageCache/com.unity.render-pipelines.core@12.1.12/Runtime/Textures/RTHandleSystem.cs:828)
UnityEngine.Rendering.RTHandleSystem:Alloc (UnityEngine.Vector2,int,UnityEngine.Rendering.DepthBits,UnityEngine.Experimental.Rendering.GraphicsFormat,UnityEngine.FilterMode,UnityEngine.TextureWrapMode,UnityEngine.Rendering.TextureDimension,bool,bool,bool,bool,int,single,UnityEngine.Rendering.MSAASamples,bool,bool,UnityEngine.RenderTextureMemoryless,string) (at Library/PackageCache/com.unity.render-pipelines.core@12.1.12/Runtime/Textures/RTHandleSystem.cs:630)
UnityEngine.Rendering.RTHandles:Alloc (UnityEngine.Vector2,int,UnityEngine.Rendering.DepthBits,UnityEngine.Experimental.Rendering.GraphicsFormat,UnityEngine.FilterMode,UnityEngine.TextureWrapMode,UnityEngine.Rendering.TextureDimension,bool,bool,bool,bool,int,single,UnityEngine.Rendering.MSAASamples,bool,bool,UnityEngine.RenderTextureMemoryless,string) (at Library/PackageCache/com.unity.render-pipelines.core@12.1.12/Runtime/Textures/RTHandles.cs:210)
UnityEngine.Experimental.Rendering.RenderGraphModule.TextureResource:CreateGraphicsResource (string) (at Library/PackageCache/com.unity.render-pipelines.core@12.1.12/Runtime/RenderGraph/RenderGraphResourceTexture.cs:356)
UnityEngine.Experimental.Rendering.RenderGraphModule.TextureResource:CreatePooledGraphicsResource () (at Library/PackageCache/com.unity.render-pipelines.core@12.1.12/Runtime/RenderGraph/RenderGraphResourceTexture.cs:319)
UnityEngine.Experimental.Rendering.RenderGraphModule.RenderGraphResourceRegistry:CreatePooledResource (UnityEngine.Experimental.Rendering.RenderGraphModule.RenderGraphContext,int,int) (at Library/PackageCache/com.unity.render-pipelines.core@12.1.12/Runtime/RenderGraph/RenderGraphResourceRegistry.cs:443)
UnityEngine.Experimental.Rendering.RenderGraphModule.RenderGraph:PreRenderPassExecute (UnityEngine.Experimental.Rendering.RenderGraphModule.RenderGraph/CompiledPassInfo&,UnityEngine.Experimental.Rendering.RenderGraphModule.RenderGraphContext) (at Library/PackageCache/com.unity.render-pipelines.core@12.1.12/Runtime/RenderGraph/RenderGraph.cs:1429)
UnityEngine.Experimental.Rendering.RenderGraphModule.RenderGraph:ExecuteCompiledPass (UnityEngine.Experimental.Rendering.RenderGraphModule.RenderGraph/CompiledPassInfo&,int) (at Library/PackageCache/com.unity.render-pipelines.core@12.1.12/Runtime/RenderGraph/RenderGraph.cs:1348)
UnityEngine.Experimental.Rendering.RenderGraphModule.RenderGraph:ExecuteRenderGraph () (at Library/PackageCache/com.unity.render-pipelines.core@12.1.12/Runtime/RenderGraph/RenderGraph.cs:1370)
UnityEngine.Experimental.Rendering.RenderGraphModule.RenderGraph:Execute () (at Library/PackageCache/com.unity.render-pipelines.core@12.1.12/Runtime/RenderGraph/RenderGraph.cs:703)
UnityEngine.Experimental.Rendering.RenderGraphModule.RenderGraphExecution:Dispose () (at Library/PackageCache/com.unity.render-pipelines.core@12.1.12/Runtime/RenderGraph/RenderGraph.cs:78)
UnityEngine.Rendering.HighDefinition.HDRenderPipeline:ExecuteWithRenderGraph (UnityEngine.Rendering.HighDefinition.HDRenderPipeline/RenderRequest,UnityEngine.Rendering.HighDefinition.AOVRequestData,System.Collections.Generic.List`1<UnityEngine.Rendering.RTHandle>,System.Collections.Generic.List`1<UnityEngine.Rendering.RTHandle>,UnityEngine.Rendering.ScriptableRenderContext,UnityEngine.Rendering.CommandBuffer) (at Library/PackageCache/com.unity.render-pipelines.high-definition@12.1.12/Runtime/RenderPipeline/HDRenderPipeline.RenderGraph.cs:366)
UnityEngine.Rendering.HighDefinition.HDRenderPipeline:ExecuteRenderRequest (UnityEngine.Rendering.HighDefinition.HDRenderPipeline/RenderRequest,UnityEngine.Rendering.ScriptableRenderContext,UnityEngine.Rendering.CommandBuffer,UnityEngine.Rendering.HighDefinition.AOVRequestData) (at Library/PackageCache/com.unity.render-pipelines.high-definition@12.1.12/Runtime/RenderPipeline/HDRenderPipeline.cs:2177)
UnityEngine.Rendering.HighDefinition.HDRenderPipeline:Render (UnityEngine.Rendering.ScriptableRenderContext,System.Collections.Generic.List`1<UnityEngine.Camera>) (at Library/PackageCache/com.unity.render-pipelines.high-definition@12.1.12/Runtime/RenderPipeline/HDRenderPipeline.cs:1918)
UnityEngine.Rendering.RenderPipeline:InternalRender (UnityEngine.Rendering.ScriptableRenderContext,System.Collections.Generic.List`1<UnityEngine.Camera>)
UnityEngine.Rendering.RenderPipelineManager:DoRenderLoop_Internal (UnityEngine.Rendering.RenderPipelineAsset,intptr,System.Collections.Generic.List`1<UnityEngine.Camera/RenderRequest>,Unity.Collections.LowLevel.Unsafe.AtomicSafetyHandle)
UnityEditor.PreviewRenderUtility:Render (bool,bool)
UnityEditor.MaterialEditor:DoRenderPreview (UnityEditor.PreviewRenderUtility,bool)
UnityEditor.MaterialEditor:RenderStaticPreview (string,UnityEngine.Object[],int,int)
UnityEditor.AssetPreviewUpdater:CreatePreview (UnityEngine.Object,UnityEngine.Object[],string,int,int)
UnityEditor.AssetPreviewUpdater:CreatePreviewForAsset (UnityEngine.Object,UnityEngine.Object[],string)

[Library/PackageCache/com.unity.render-pipelines.core@12.1.12/Runtime/Textures/RTHandleSystem.cs line 828]

Requested RenderTexture with sRGB format. sRGB formats are not supported in gamma mode, fallback to a UNorm format. Use a UNorm format instead of sRGB to silence this warning.
UnityEngine.StackTraceUtility:ExtractStackTrace ()
UnityEngine.Rendering.RTHandleSystem:AllocAutoSizedRenderTexture (int,int,int,UnityEngine.Rendering.DepthBits,UnityEngine.Experimental.Rendering.GraphicsFormat,UnityEngine.FilterMode,UnityEngine.TextureWrapMode,UnityEngine.Rendering.TextureDimension,bool,bool,bool,bool,int,single,UnityEngine.Rendering.MSAASamples,bool,bool,UnityEngine.RenderTextureMemoryless,string) (at Library/PackageCache/com.unity.render-pipelines.core@12.1.12/Runtime/Textures/RTHandleSystem.cs:828)
UnityEngine.Rendering.RTHandleSystem:Alloc (UnityEngine.Vector2,int,UnityEngine.Rendering.DepthBits,UnityEngine.Experimental.Rendering.GraphicsFormat,UnityEngine.FilterMode,UnityEngine.TextureWrapMode,UnityEngine.Rendering.TextureDimension,bool,bool,bool,bool,int,single,UnityEngine.Rendering.MSAASamples,bool,bool,UnityEngine.RenderTextureMemoryless,string) (at Library/PackageCache/com.unity.render-pipelines.core@12.1.12/Runtime/Textures/RTHandleSystem.cs:630)
UnityEngine.Rendering.RTHandles:Alloc (UnityEngine.Vector2,int,UnityEngine.Rendering.DepthBits,UnityEngine.Experimental.Rendering.GraphicsFormat,UnityEngine.FilterMode,UnityEngine.TextureWrapMode,UnityEngine.Rendering.TextureDimension,bool,bool,bool,bool,int,single,UnityEngine.Rendering.MSAASamples,bool,bool,UnityEngine.RenderTextureMemoryless,string) (at Library/PackageCache/com.unity.render-pipelines.core@12.1.12/Runtime/Textures/RTHandles.cs:210)
UnityEngine.Experimental.Rendering.RenderGraphModule.TextureResource:CreateGraphicsResource (string) (at Library/PackageCache/com.unity.render-pipelines.core@12.1.12/Runtime/RenderGraph/RenderGraphResourceTexture.cs:356)
UnityEngine.Experimental.Rendering.RenderGraphModule.TextureResource:CreatePooledGraphicsResource () (at Library/PackageCache/com.unity.render-pipelines.core@12.1.12/Runtime/RenderGraph/RenderGraphResourceTexture.cs:319)
UnityEngine.Experimental.Rendering.RenderGraphModule.RenderGraphResourceRegistry:CreatePooledResource (UnityEngine.Experimental.Rendering.RenderGraphModule.RenderGraphContext,int,int) (at Library/PackageCache/com.unity.render-pipelines.core@12.1.12/Runtime/RenderGraph/RenderGraphResourceRegistry.cs:443)
UnityEngine.Experimental.Rendering.RenderGraphModule.RenderGraph:PreRenderPassExecute (UnityEngine.Experimental.Rendering.RenderGraphModule.RenderGraph/CompiledPassInfo&,UnityEngine.Experimental.Rendering.RenderGraphModule.RenderGraphContext) (at Library/PackageCache/com.unity.render-pipelines.core@12.1.12/Runtime/RenderGraph/RenderGraph.cs:1429)
UnityEngine.Experimental.Rendering.RenderGraphModule.RenderGraph:ExecuteCompiledPass (UnityEngine.Experimental.Rendering.RenderGraphModule.RenderGraph/CompiledPassInfo&,int) (at Library/PackageCache/com.unity.render-pipelines.core@12.1.12/Runtime/RenderGraph/RenderGraph.cs:1348)
UnityEngine.Experimental.Rendering.RenderGraphModule.RenderGraph:ExecuteRenderGraph () (at Library/PackageCache/com.unity.render-pipelines.core@12.1.12/Runtime/RenderGraph/RenderGraph.cs:1370)
UnityEngine.Experimental.Rendering.RenderGraphModule.RenderGraph:Execute () (at Library/PackageCache/com.unity.render-pipelines.core@12.1.12/Runtime/RenderGraph/RenderGraph.cs:703)
UnityEngine.Experimental.Rendering.RenderGraphModule.RenderGraphExecution:Dispose () (at Library/PackageCache/com.unity.render-pipelines.core@12.1.12/Runtime/RenderGraph/RenderGraph.cs:78)
UnityEngine.Rendering.HighDefinition.HDRenderPipeline:ExecuteWithRenderGraph (UnityEngine.Rendering.HighDefinition.HDRenderPipeline/RenderRequest,UnityEngine.Rendering.HighDefinition.AOVRequestData,System.Collections.Generic.List`1<UnityEngine.Rendering.RTHandle>,System.Collections.Generic.List`1<UnityEngine.Rendering.RTHandle>,UnityEngine.Rendering.ScriptableRenderContext,UnityEngine.Rendering.CommandBuffer) (at Library/PackageCache/com.unity.render-pipelines.high-definition@12.1.12/Runtime/RenderPipeline/HDRenderPipeline.RenderGraph.cs:366)
UnityEngine.Rendering.HighDefinition.HDRenderPipeline:ExecuteRenderRequest (UnityEngine.Rendering.HighDefinition.HDRenderPipeline/RenderRequest,UnityEngine.Rendering.ScriptableRenderContext,UnityEngine.Rendering.CommandBuffer,UnityEngine.Rendering.HighDefinition.AOVRequestData) (at Library/PackageCache/com.unity.render-pipelines.high-definition@12.1.12/Runtime/RenderPipeline/HDRenderPipeline.cs:2177)
UnityEngine.Rendering.HighDefinition.HDRenderPipeline:Render (UnityEngine.Rendering.ScriptableRenderContext,System.Collections.Generic.List`1<UnityEngine.Camera>) (at Library/PackageCache/com.unity.render-pipelines.high-definition@12.1.12/Runtime/RenderPipeline/HDRenderPipeline.cs:1918)
UnityEngine.Rendering.RenderPipeline:InternalRender (UnityEngine.Rendering.ScriptableRenderContext,System.Collections.Generic.List`1<UnityEngine.Camera>)
UnityEngine.Rendering.RenderPipelineManager:DoRenderLoop_Internal (UnityEngine.Rendering.RenderPipelineAsset,intptr,System.Collections.Generic.List`1<UnityEngine.Camera/RenderRequest>,Unity.Collections.LowLevel.Unsafe.AtomicSafetyHandle)
UnityEditor.PreviewRenderUtility:Render (bool,bool)
UnityEditor.MaterialEditor:DoRenderPreview (UnityEditor.PreviewRenderUtility,bool)
UnityEditor.MaterialEditor:RenderStaticPreview (string,UnityEngine.Object[],int,int)
UnityEditor.AssetPreviewUpdater:CreatePreview (UnityEngine.Object,UnityEngine.Object[],string,int,int)
UnityEditor.AssetPreviewUpdater:CreatePreviewForAsset (UnityEngine.Object,UnityEngine.Object[],string)

[Library/PackageCache/com.unity.render-pipelines.core@12.1.12/Runtime/Textures/RTHandleSystem.cs line 828]

 -> (artifact id: '9d315c2d25248c20d1239adb0b1a0f41') in 2.812929 seconds 
Number of asset objects unloaded after import = 31
Editor requested this worker to shutdown with reason: Scaling down because of idle timeout
AssetImportWorker is now disconnected from the server
Process exiting
Exiting without the bug reporter. Application will terminate with return code 0