Using pre-set license
Built from '2021.3/staging' branch; Version is '2021.3.30f1 (b4360d7cdac4) revision 11810317'; Using compiler version '192829333'; Build Type 'Release'
OS: 'Windows 10  (10.0.19045) 64bit Core' Language: 'ru' Physical Memory: 7893 MB
BatchMode: 1, IsHumanControllingUs: 0, StartBugReporterOnCrash: 0, Is64bit: 1, IsPro: 1

COMMAND LINE ARGUMENTS:
C:\Program Files\Unity 2021.3.30f1\Editor\Unity.exe
-adb2
-batchMode
-noUpm
-name
AssetImportWorker4
-projectPath
C:/Users/nasta/My project (2)
-logFile
Logs/AssetImportWorker4.log
-srvPort
63654
Successfully changed project path to: C:/Users/nasta/My project (2)
C:/Users/nasta/My project (2)
[UnityMemory] Configuration Parameters - Can be set up in boot.config
    "memorysetup-bucket-allocator-granularity=16"
    "memorysetup-bucket-allocator-bucket-count=8"
    "memorysetup-bucket-allocator-block-size=33554432"
    "memorysetup-bucket-allocator-block-count=8"
    "memorysetup-main-allocator-block-size=16777216"
    "memorysetup-thread-allocator-block-size=16777216"
    "memorysetup-gfx-main-allocator-block-size=16777216"
    "memorysetup-gfx-thread-allocator-block-size=16777216"
    "memorysetup-cache-allocator-block-size=4194304"
    "memorysetup-typetree-allocator-block-size=2097152"
    "memorysetup-profiler-bucket-allocator-granularity=16"
    "memorysetup-profiler-bucket-allocator-bucket-count=8"
    "memorysetup-profiler-bucket-allocator-block-size=33554432"
    "memorysetup-profiler-bucket-allocator-block-count=8"
    "memorysetup-profiler-allocator-block-size=16777216"
    "memorysetup-profiler-editor-allocator-block-size=1048576"
    "memorysetup-temp-allocator-size-main=16777216"
    "memorysetup-job-temp-allocator-block-size=2097152"
    "memorysetup-job-temp-allocator-block-size-background=1048576"
    "memorysetup-job-temp-allocator-reduction-small-platforms=262144"
    "memorysetup-temp-allocator-size-background-worker=32768"
    "memorysetup-temp-allocator-size-job-worker=262144"
    "memorysetup-temp-allocator-size-preload-manager=33554432"
    "memorysetup-temp-allocator-size-nav-mesh-worker=65536"
    "memorysetup-temp-allocator-size-audio-worker=65536"
    "memorysetup-temp-allocator-size-cloud-worker=32768"
    "memorysetup-temp-allocator-size-gi-baking-worker=262144"
    "memorysetup-temp-allocator-size-gfx=262144"
Player connection [37548] Host "[IP] 26.93.114.81 [Port] 0 [Flags] 2 [Guid] 539846612 [EditorId] 539846612 [Version] 1048832 [Id] WindowsEditor(7,DESKTOP-R8GVPI6) [Debug] 1 [PackageName] WindowsEditor [ProjectName] Editor" joined multi-casting on [225.0.0.222:54997]...

Player connection [37548] Host "[IP] 26.93.114.81 [Port] 0 [Flags] 2 [Guid] 539846612 [EditorId] 539846612 [Version] 1048832 [Id] WindowsEditor(7,DESKTOP-R8GVPI6) [Debug] 1 [PackageName] WindowsEditor [ProjectName] Editor" joined alternative multi-casting on [225.0.0.222:34997]...

[Physics::Module] Initialized MultithreadedJobDispatcher with {0} workers.
Refreshing native plugins compatible for Editor in 128.45 ms, found 3 plugins.
Preloading 0 native plugins for Editor in 0.00 ms.
Initialize engine version: 2021.3.30f1 (b4360d7cdac4)
[Subsystems] Discovering subsystems at path C:/Program Files/Unity 2021.3.30f1/Editor/Data/Resources/UnitySubsystems
[Subsystems] Discovering subsystems at path C:/Users/nasta/My project (2)/Assets
GfxDevice: creating device client; threaded=0; jobified=0
Direct3D:
    Version:  Direct3D 11.0 [level 11.1]
    Renderer: NVIDIA GeForce RTX 3050 Laptop GPU (ID=0x25a2)
    Vendor:   NVIDIA
    VRAM:     3965 MB
    Driver:   32.0.15.5599
Initialize mono
Mono path[0] = 'C:/Program Files/Unity 2021.3.30f1/Editor/Data/Managed'
Mono path[1] = 'C:/Program Files/Unity 2021.3.30f1/Editor/Data/MonoBleedingEdge/lib/mono/unityjit-win32'
Mono config path = 'C:/Program Files/Unity 2021.3.30f1/Editor/Data/MonoBleedingEdge/etc'
Using monoOptions --debugger-agent=transport=dt_socket,embedding=1,server=y,suspend=n,address=127.0.0.1:56984
Begin MonoManager ReloadAssembly
Registering precompiled unity dll's ...
Register platform support module: C:/Program Files/Unity 2021.3.30f1/Editor/Data/PlaybackEngines/WindowsStandaloneSupport/UnityEditor.WindowsStandalone.Extensions.dll
Registered in 0.007103 seconds.
Native extension for WindowsStandalone target not found
Refreshing native plugins compatible for Editor in 82.00 ms, found 3 plugins.
Preloading 0 native plugins for Editor in 0.00 ms.
Mono: successfully reloaded assembly
- Completed reload, in  0.579 seconds
Domain Reload Profiling:
	ReloadAssembly (580ms)
		BeginReloadAssembly (137ms)
			ExecutionOrderSort (0ms)
			DisableScriptedObjects (0ms)
			BackupInstance (0ms)
			ReleaseScriptingObjects (0ms)
			CreateAndSetChildDomain (1ms)
		EndReloadAssembly (352ms)
			LoadAssemblies (135ms)
			RebuildTransferFunctionScriptingTraits (0ms)
			SetupTypeCache (88ms)
			ReleaseScriptCaches (0ms)
			RebuildScriptCaches (20ms)
			SetupLoadedEditorAssemblies (215ms)
				LogAssemblyErrors (0ms)
				InitializePlatformSupportModulesInManaged (6ms)
				SetLoadedEditorAssemblies (0ms)
				RefreshPlugins (82ms)
				BeforeProcessingInitializeOnLoad (1ms)
				ProcessInitializeOnLoadAttributes (90ms)
				ProcessInitializeOnLoadMethodAttributes (36ms)
				AfterProcessingInitializeOnLoad (0ms)
				EditorAssembliesLoaded (0ms)
			ExecutionOrderSort2 (0ms)
			AwakeInstancesAfterBackupRestoration (0ms)
Platform modules already initialized, skipping
Registering precompiled user dll's ...
Registered in 0.004361 seconds.
Begin MonoManager ReloadAssembly
Native extension for WindowsStandalone target not found
Refreshing native plugins compatible for Editor in 79.47 ms, found 3 plugins.
Preloading 0 native plugins for Editor in 0.00 ms.
Package Manager log level set to [2]
[Package Manager] Server::EnsureServerProcessIsRunning -- launch failed, reason: Unity was launched with the -noUpm command-line argument
[Package Manager] Cannot connect to Unity Package Manager local server
Mono: successfully reloaded assembly
- Completed reload, in  1.573 seconds
Domain Reload Profiling:
	ReloadAssembly (1574ms)
		BeginReloadAssembly (106ms)
			ExecutionOrderSort (0ms)
			DisableScriptedObjects (5ms)
			BackupInstance (0ms)
			ReleaseScriptingObjects (0ms)
			CreateAndSetChildDomain (17ms)
		EndReloadAssembly (1366ms)
			LoadAssemblies (128ms)
			RebuildTransferFunctionScriptingTraits (0ms)
			SetupTypeCache (222ms)
			ReleaseScriptCaches (1ms)
			RebuildScriptCaches (48ms)
			SetupLoadedEditorAssemblies (948ms)
				LogAssemblyErrors (0ms)
				InitializePlatformSupportModulesInManaged (5ms)
				SetLoadedEditorAssemblies (0ms)
				RefreshPlugins (80ms)
				BeforeProcessingInitializeOnLoad (97ms)
				ProcessInitializeOnLoadAttributes (709ms)
				ProcessInitializeOnLoadMethodAttributes (51ms)
				AfterProcessingInitializeOnLoad (6ms)
				EditorAssembliesLoaded (0ms)
			ExecutionOrderSort2 (0ms)
			AwakeInstancesAfterBackupRestoration (9ms)
Platform modules already initialized, skipping
========================================================================
Worker process is ready to serve import requests
Launched and connected shader compiler UnityShaderCompiler.exe after 0.06 seconds
Refreshing native plugins compatible for Editor in 1.21 ms, found 3 plugins.
Preloading 0 native plugins for Editor in 0.00 ms.
Unloading 4726 Unused Serialized files (Serialized files now loaded: 0)
Unloading 31 unused Assets / (0.7 MB). Loaded Objects now: 5181.
Memory consumption went from 192.6 MB to 191.9 MB.
Total: 3.421200 ms (FindLiveObjects: 0.343000 ms CreateObjectMapping: 0.205600 ms MarkObjects: 2.573800 ms  DeleteObjects: 0.297800 ms)

AssetImportParameters requested are different than current active one (requested -> active):
  custom:video-decoder-ogg-theora: a1e56fd34408186e4bbccfd4996cb3dc -> 
  custom:container-muxer-webm: aa71ff27fc2769a1b78a27578f13a17b -> 
  custom:container-demuxer-webm: 4f35f7cbe854078d1ac9338744f61a02 -> 
  custom:video-encoder-webm-vp8: eb34c28f22e8b96e1ab97ce403110664 -> 
  custom:CustomObjectIndexerAttribute: 6b0e35c9178b02a6363f3721b7b8e397 -> 
  custom:audio-encoder-webm-vorbis: bf7c407c2cedff20999df2af8eb42d56 -> 
  custom:framework-win-MediaFoundation: 216162199b28c13a410421893ffa2e32 -> 
  custom:SearchIndexIgnoredProperties: e643bd26f0fe6173181afceb89e7c659 -> 
  custom:container-demuxer-ogg: 62fdf1f143b41e24485cea50d1cbac27 -> 
  custom:video-decoder-webm-vp8: 9c59270c3fd7afecdb556c50c9e8de78 -> 
  custom:audio-decoder-ogg-vorbis: bf7c407c2cedff20999df2af8eb42d56 -> 
========================================================================
Received Import Request.
  Time since last request: 692476.218920 seconds.
  path: Assets/Water/WaterAnimation.shadergraph
  artifactKey: Guid(e78e19496fb6daa4985ca3e701289e61) Importer(815301076,1909f56bfc062723c751e8b465ee728b)
Number of updated assets reloaded before import = 0
Start importing Assets/Water/WaterAnimation.shadergraph using Guid(e78e19496fb6daa4985ca3e701289e61) Importer(815301076,1909f56bfc062723c751e8b465ee728b)  -> (artifact id: 'dac1e48fd101c2d242620e1ffca17bcc') in 0.053786 seconds 
Number of asset objects unloaded after import = 0
========================================================================
Received Import Request.
  Time since last request: 8.223785 seconds.
  path: Assets/Water/DefaultWater.mat
  artifactKey: Guid(852491d620098c647bab6b10d032c795) Importer(815301076,1909f56bfc062723c751e8b465ee728b)
Number of updated assets reloaded before import = 0
Start importing Assets/Water/DefaultWater.mat using Guid(852491d620098c647bab6b10d032c795) Importer(815301076,1909f56bfc062723c751e8b465ee728b)  -> (artifact id: 'b3f20f26085c2d1a3fe7919a96366730') in 0.243073 seconds 
Number of asset objects unloaded after import = 13
========================================================================
Received Import Request.
  Time since last request: 24.008990 seconds.
  path: Assets/Water/WaterAnimation.shadergraph
  artifactKey: Guid(e78e19496fb6daa4985ca3e701289e61) Importer(815301076,1909f56bfc062723c751e8b465ee728b)
Number of updated assets reloaded before import = 1
Start importing Assets/Water/WaterAnimation.shadergraph using Guid(e78e19496fb6daa4985ca3e701289e61) Importer(815301076,1909f56bfc062723c751e8b465ee728b)  -> (artifact id: 'e7ca08faf637ea812dc6445109bdae08') in 0.004271 seconds 
Number of asset objects unloaded after import = 0
========================================================================
Received Import Request.
  Time since last request: 1626.753556 seconds.
  path: Assets/Water/WaveShader.shadergraph
  artifactKey: Guid(9621230514568fe4db728f4838b0ba32) Importer(815301076,1909f56bfc062723c751e8b465ee728b)
Number of updated assets reloaded before import = 1
Start importing Assets/Water/WaveShader.shadergraph using Guid(9621230514568fe4db728f4838b0ba32) Importer(815301076,1909f56bfc062723c751e8b465ee728b)  -> (artifact id: 'c3975151fdaf856369a24d9f6b98ce45') in 0.050665 seconds 
Number of asset objects unloaded after import = 0
========================================================================
Received Import Request.
  Time since last request: 1.406522 seconds.
  path: Assets/Water/CausticShader.shadergraph
  artifactKey: Guid(51035fb2f7701b3499632459f9f75680) Importer(815301076,1909f56bfc062723c751e8b465ee728b)
Number of updated assets reloaded before import = 0
Start importing Assets/Water/CausticShader.shadergraph using Guid(51035fb2f7701b3499632459f9f75680) Importer(815301076,1909f56bfc062723c751e8b465ee728b)  -> (artifact id: '4edfa7c0feb7ab99d6ad4112a3366ba9') in 0.027020 seconds 
Number of asset objects unloaded after import = 1
========================================================================
Received Import Request.
  Time since last request: 188.824972 seconds.
  path: Packages/com.unity.render-pipelines.universal/Shaders/BakedLitDepthNormalsPass.hlsl
  artifactKey: Guid(9604e389528d04ae39fe05a7b4212172) Importer(815301076,1909f56bfc062723c751e8b465ee728b)
Number of updated assets reloaded before import = 0
Start importing Packages/com.unity.render-pipelines.universal/Shaders/BakedLitDepthNormalsPass.hlsl using Guid(9604e389528d04ae39fe05a7b4212172) Importer(815301076,1909f56bfc062723c751e8b465ee728b)  -> (artifact id: 'cb9552e8bc512baaeb305b4b940eafbf') in 0.073023 seconds 
Number of asset objects unloaded after import = 1
========================================================================
Received Import Request.
  Time since last request: 0.026593 seconds.
  path: Packages/com.unity.render-pipelines.universal/Shaders/BakedLitInput.hlsl
  artifactKey: Guid(463a8185744c2459f8e621f4e4eb74d3) Importer(815301076,1909f56bfc062723c751e8b465ee728b)
Number of updated assets reloaded before import = 0
Start importing Packages/com.unity.render-pipelines.universal/Shaders/BakedLitInput.hlsl using Guid(463a8185744c2459f8e621f4e4eb74d3) Importer(815301076,1909f56bfc062723c751e8b465ee728b)  -> (artifact id: 'f1c641dc5172166d8a7e2b1f6cfab888') in 0.025700 seconds 
Number of asset objects unloaded after import = 1
========================================================================
Received Import Request.
  Time since last request: 0.000036 seconds.
  path: Packages/com.unity.render-pipelines.universal/Shaders/LitMetaPass.hlsl
  artifactKey: Guid(dcf4e762d48204e33b575f8007e3d563) Importer(815301076,1909f56bfc062723c751e8b465ee728b)
Number of updated assets reloaded before import = 0
Start importing Packages/com.unity.render-pipelines.universal/Shaders/LitMetaPass.hlsl using Guid(dcf4e762d48204e33b575f8007e3d563) Importer(815301076,1909f56bfc062723c751e8b465ee728b)  -> (artifact id: 'dd8df9a141f55c8ff9874a330ba96ebd') in 0.025257 seconds 
Number of asset objects unloaded after import = 1
========================================================================
Received Import Request.
  Time since last request: 0.000046 seconds.
  path: Packages/com.unity.render-pipelines.universal/Shaders/ShadowCasterPass.hlsl
  artifactKey: Guid(9a48a2987a0e11645adf07fe4a8d5ec9) Importer(815301076,1909f56bfc062723c751e8b465ee728b)
Number of updated assets reloaded before import = 0
Start importing Packages/com.unity.render-pipelines.universal/Shaders/ShadowCasterPass.hlsl using Guid(9a48a2987a0e11645adf07fe4a8d5ec9) Importer(815301076,1909f56bfc062723c751e8b465ee728b)  -> (artifact id: '77d3b7afeef4e5a8271fe3ba0b237090') in 0.024256 seconds 
Number of asset objects unloaded after import = 1
========================================================================
Received Import Request.
  Time since last request: 0.000065 seconds.
  path: Packages/com.unity.render-pipelines.universal/Shaders/LitDepthNormalsPass.hlsl
  artifactKey: Guid(d6641dcdedd1f422aa58ffec746e5342) Importer(815301076,1909f56bfc062723c751e8b465ee728b)
Number of updated assets reloaded before import = 0
Start importing Packages/com.unity.render-pipelines.universal/Shaders/LitDepthNormalsPass.hlsl using Guid(d6641dcdedd1f422aa58ffec746e5342) Importer(815301076,1909f56bfc062723c751e8b465ee728b)  -> (artifact id: 'aa06ce5036f3ac65de3c21d29a70ab76') in 0.026247 seconds 
Number of asset objects unloaded after import = 1
========================================================================
Received Import Request.
  Time since last request: 0.000036 seconds.
  path: Packages/com.unity.render-pipelines.universal/Shaders/LitInput.hlsl
  artifactKey: Guid(c46f85bf266d7496d9b3659acfbdc711) Importer(815301076,1909f56bfc062723c751e8b465ee728b)
Number of updated assets reloaded before import = 0
Start importing Packages/com.unity.render-pipelines.universal/Shaders/LitInput.hlsl using Guid(c46f85bf266d7496d9b3659acfbdc711) Importer(815301076,1909f56bfc062723c751e8b465ee728b)  -> (artifact id: '0fe4a783b6f77fafd0be33031337171c') in 0.023787 seconds 
Number of asset objects unloaded after import = 1
========================================================================
Received Import Request.
  Time since last request: 0.000025 seconds.
  path: Packages/com.unity.render-pipelines.universal/Shaders/BakedLitMetaPass.hlsl
  artifactKey: Guid(f31bf343921b848fa8e5cde15f1dbaab) Importer(815301076,1909f56bfc062723c751e8b465ee728b)
Number of updated assets reloaded before import = 0
Start importing Packages/com.unity.render-pipelines.universal/Shaders/BakedLitMetaPass.hlsl using Guid(f31bf343921b848fa8e5cde15f1dbaab) Importer(815301076,1909f56bfc062723c751e8b465ee728b)  -> (artifact id: '67fc1c2ad8b06215e5b022fc5d10f527') in 0.026183 seconds 
Number of asset objects unloaded after import = 1
========================================================================
Received Import Request.
  Time since last request: 0.000034 seconds.
  path: Packages/com.unity.render-pipelines.universal/Shaders/Unity.RenderPipelines.Universal.Shaders.asmdef
  artifactKey: Guid(b4517ec124862cb4bb3b8b27d72843a6) Importer(815301076,1909f56bfc062723c751e8b465ee728b)
Number of updated assets reloaded before import = 0
Start importing Packages/com.unity.render-pipelines.universal/Shaders/Unity.RenderPipelines.Universal.Shaders.asmdef using Guid(b4517ec124862cb4bb3b8b27d72843a6) Importer(815301076,1909f56bfc062723c751e8b465ee728b)  -> (artifact id: '928f39179317dd1b8b91edff877a2307') in 0.016124 seconds 
Number of asset objects unloaded after import = 0
========================================================================
Received Import Request.
  Time since last request: 0.000023 seconds.
  path: Packages/com.unity.render-pipelines.universal/Shaders/SimpleLitMetaPass.hlsl
  artifactKey: Guid(ffc632d1e38ef4682807a89afb2b966f) Importer(815301076,1909f56bfc062723c751e8b465ee728b)
Number of updated assets reloaded before import = 0
Start importing Packages/com.unity.render-pipelines.universal/Shaders/SimpleLitMetaPass.hlsl using Guid(ffc632d1e38ef4682807a89afb2b966f) Importer(815301076,1909f56bfc062723c751e8b465ee728b)  -> (artifact id: 'f64da9f53cd48c7b00d0b3f1b6fe4980') in 0.025421 seconds 
Number of asset objects unloaded after import = 1
========================================================================
Received Import Request.
  Time since last request: 0.000029 seconds.
  path: Packages/com.unity.render-pipelines.universal/Shaders/SimpleLitInput.hlsl
  artifactKey: Guid(ad863d097888f42c6bcf419efb2946c5) Importer(815301076,1909f56bfc062723c751e8b465ee728b)
Number of updated assets reloaded before import = 0
Start importing Packages/com.unity.render-pipelines.universal/Shaders/SimpleLitInput.hlsl using Guid(ad863d097888f42c6bcf419efb2946c5) Importer(815301076,1909f56bfc062723c751e8b465ee728b)  -> (artifact id: '4211032e271022633f81b2fc1e25f208') in 0.024120 seconds 
Number of asset objects unloaded after import = 1
========================================================================
Received Import Request.
  Time since last request: 0.000029 seconds.
  path: Packages/com.unity.render-pipelines.universal/Shaders/DepthOnlyPass.hlsl
  artifactKey: Guid(0acd4fdbcf0cf654a9cdf3e9ccc2edce) Importer(815301076,1909f56bfc062723c751e8b465ee728b)
Number of updated assets reloaded before import = 0
Start importing Packages/com.unity.render-pipelines.universal/Shaders/DepthOnlyPass.hlsl using Guid(0acd4fdbcf0cf654a9cdf3e9ccc2edce) Importer(815301076,1909f56bfc062723c751e8b465ee728b)  -> (artifact id: '09ae3adc456b351b1d8b0693b9dcbfc9') in 0.025285 seconds 
Number of asset objects unloaded after import = 1
========================================================================
Received Import Request.
  Time since last request: 0.000044 seconds.
  path: Packages/com.unity.render-pipelines.universal/Shaders/SimpleLitDepthNormalsPass.hlsl
  artifactKey: Guid(a63ccbef6bed14464a35b8a62ee9b775) Importer(815301076,1909f56bfc062723c751e8b465ee728b)
Number of updated assets reloaded before import = 0
Start importing Packages/com.unity.render-pipelines.universal/Shaders/SimpleLitDepthNormalsPass.hlsl using Guid(a63ccbef6bed14464a35b8a62ee9b775) Importer(815301076,1909f56bfc062723c751e8b465ee728b)  -> (artifact id: 'b7334329c72b2b75ddf93b5a9c69c537') in 0.024024 seconds 
Number of asset objects unloaded after import = 1
========================================================================
Received Import Request.
  Time since last request: 0.000030 seconds.
  path: Packages/com.unity.render-pipelines.universal/Shaders/DepthNormalsPass.hlsl
  artifactKey: Guid(b76d45ea333b2a049bc45c5328ef3e7c) Importer(815301076,1909f56bfc062723c751e8b465ee728b)
Number of updated assets reloaded before import = 0
Start importing Packages/com.unity.render-pipelines.universal/Shaders/DepthNormalsPass.hlsl using Guid(b76d45ea333b2a049bc45c5328ef3e7c) Importer(815301076,1909f56bfc062723c751e8b465ee728b)  -> (artifact id: '7ba07b4e5368863d2f6b1ac9be8a7d51') in 0.021095 seconds 
Number of asset objects unloaded after import = 1
========================================================================
Received Import Request.
  Time since last request: 149.003872 seconds.
  path: Assets/Settings/SampleSceneProfile.asset
  artifactKey: Guid(a6560a915ef98420e9faacc1c7438823) Importer(815301076,1909f56bfc062723c751e8b465ee728b)
Number of updated assets reloaded before import = 0
Start importing Assets/Settings/SampleSceneProfile.asset using Guid(a6560a915ef98420e9faacc1c7438823) Importer(815301076,1909f56bfc062723c751e8b465ee728b)  -> (artifact id: 'e5bd75c520ef9547e08014ff43c91054') in 0.086644 seconds 
Number of asset objects unloaded after import = 4
========================================================================
Received Import Request.
  Time since last request: 0.000041 seconds.
  path: Assets/Settings/URP-Performant-Renderer.asset
  artifactKey: Guid(707360a9c581a4bd7aa53bfeb1429f71) Importer(815301076,1909f56bfc062723c751e8b465ee728b)
Number of updated assets reloaded before import = 0
Start importing Assets/Settings/URP-Performant-Renderer.asset using Guid(707360a9c581a4bd7aa53bfeb1429f71) Importer(815301076,1909f56bfc062723c751e8b465ee728b)  -> (artifact id: '29a4439c16094b0d7f5cc0c8f3dceecb') in 0.035726 seconds 
Number of asset objects unloaded after import = 1
========================================================================
Received Import Request.
  Time since last request: 0.000052 seconds.
  path: Assets/Settings/URP-Balanced.asset
  artifactKey: Guid(e1260c1148f6143b28bae5ace5e9c5d1) Importer(815301076,1909f56bfc062723c751e8b465ee728b)
Number of updated assets reloaded before import = 0
Start importing Assets/Settings/URP-Balanced.asset using Guid(e1260c1148f6143b28bae5ace5e9c5d1) Importer(815301076,1909f56bfc062723c751e8b465ee728b)  -> (artifact id: 'a5852c6227f295de995a9145ed8ad69e') in 0.035383 seconds 
Number of asset objects unloaded after import = 3
========================================================================
Received Prepare
Registering precompiled user dll's ...
Registered in 0.006360 seconds.
Begin MonoManager ReloadAssembly
Native extension for WindowsStandalone target not found
Refreshing native plugins compatible for Editor in 2.55 ms, found 3 plugins.
Preloading 0 native plugins for Editor in 0.00 ms.
[Package Manager] Server::EnsureServerProcessIsRunning -- launch failed, reason: Unity was launched with the -noUpm command-line argument
[Package Manager] Cannot connect to Unity Package Manager local server
Mono: successfully reloaded assembly
- Completed reload, in  2.992 seconds
Domain Reload Profiling:
	ReloadAssembly (2998ms)
		BeginReloadAssembly (912ms)
			ExecutionOrderSort (0ms)
			DisableScriptedObjects (104ms)
			BackupInstance (0ms)
			ReleaseScriptingObjects (0ms)
			CreateAndSetChildDomain (531ms)
		EndReloadAssembly (1955ms)
			LoadAssemblies (169ms)
			RebuildTransferFunctionScriptingTraits (0ms)
			SetupTypeCache (400ms)
			ReleaseScriptCaches (4ms)
			RebuildScriptCaches (68ms)
			SetupLoadedEditorAssemblies (1023ms)
				LogAssemblyErrors (0ms)
				InitializePlatformSupportModulesInManaged (14ms)
				SetLoadedEditorAssemblies (2ms)
				RefreshPlugins (3ms)
				BeforeProcessingInitializeOnLoad (137ms)
				ProcessInitializeOnLoadAttributes (786ms)
				ProcessInitializeOnLoadMethodAttributes (74ms)
				AfterProcessingInitializeOnLoad (6ms)
				EditorAssembliesLoaded (1ms)
			ExecutionOrderSort2 (0ms)
			AwakeInstancesAfterBackupRestoration (34ms)
Platform modules already initialized, skipping
Refreshing native plugins compatible for Editor in 1.26 ms, found 3 plugins.
Preloading 0 native plugins for Editor in 0.00 ms.
Unloading 4607 Unused Serialized files (Serialized files now loaded: 0)
Unloading 41 unused Assets / (307.2 KB). Loaded Objects now: 5289.
Memory consumption went from 192.6 MB to 192.3 MB.
Total: 6.857900 ms (FindLiveObjects: 0.612200 ms CreateObjectMapping: 0.196900 ms MarkObjects: 5.709500 ms  DeleteObjects: 0.337000 ms)

AssetImportParameters requested are different than current active one (requested -> active):
  custom:video-decoder-ogg-theora: a1e56fd34408186e4bbccfd4996cb3dc -> 
  custom:container-muxer-webm: aa71ff27fc2769a1b78a27578f13a17b -> 
  custom:container-demuxer-webm: 4f35f7cbe854078d1ac9338744f61a02 -> 
  custom:video-encoder-webm-vp8: eb34c28f22e8b96e1ab97ce403110664 -> 
  custom:CustomObjectIndexerAttribute: 6b0e35c9178b02a6363f3721b7b8e397 -> 
  custom:audio-encoder-webm-vorbis: bf7c407c2cedff20999df2af8eb42d56 -> 
  custom:framework-win-MediaFoundation: 216162199b28c13a410421893ffa2e32 -> 
  custom:SearchIndexIgnoredProperties: e643bd26f0fe6173181afceb89e7c659 -> 
  custom:container-demuxer-ogg: 62fdf1f143b41e24485cea50d1cbac27 -> 
  custom:video-decoder-webm-vp8: 9c59270c3fd7afecdb556c50c9e8de78 -> 
  custom:audio-decoder-ogg-vorbis: bf7c407c2cedff20999df2af8eb42d56 -> 
========================================================================
Received Import Request.
  Time since last request: 348.678256 seconds.
  path: Assets/Stones/Textures/Stones.mat
  artifactKey: Guid(6745167470224e74db37c9f8c2cf4d25) Importer(815301076,1909f56bfc062723c751e8b465ee728b)
Number of updated assets reloaded before import = 0
Start importing Assets/Stones/Textures/Stones.mat using Guid(6745167470224e74db37c9f8c2cf4d25) Importer(815301076,1909f56bfc062723c751e8b465ee728b)  -> (artifact id: '0fdcdc814fdcef0d9b2acc4c1e556653') in 0.289610 seconds 
Number of asset objects unloaded after import = 3
========================================================================
Received Prepare
Registering precompiled user dll's ...
Registered in 0.006520 seconds.
Begin MonoManager ReloadAssembly
Native extension for WindowsStandalone target not found
Refreshing native plugins compatible for Editor in 1.72 ms, found 3 plugins.
Preloading 0 native plugins for Editor in 0.00 ms.
[Package Manager] Server::EnsureServerProcessIsRunning -- launch failed, reason: Unity was launched with the -noUpm command-line argument
[Package Manager] Cannot connect to Unity Package Manager local server
Mono: successfully reloaded assembly
- Completed reload, in  1.745 seconds
Domain Reload Profiling:
	ReloadAssembly (1745ms)
		BeginReloadAssembly (174ms)
			ExecutionOrderSort (0ms)
			DisableScriptedObjects (9ms)
			BackupInstance (0ms)
			ReleaseScriptingObjects (0ms)
			CreateAndSetChildDomain (54ms)
		EndReloadAssembly (1461ms)
			LoadAssemblies (121ms)
			RebuildTransferFunctionScriptingTraits (0ms)
			SetupTypeCache (281ms)
			ReleaseScriptCaches (3ms)
			RebuildScriptCaches (56ms)
			SetupLoadedEditorAssemblies (939ms)
				LogAssemblyErrors (0ms)
				InitializePlatformSupportModulesInManaged (6ms)
				SetLoadedEditorAssemblies (1ms)
				RefreshPlugins (2ms)
				BeforeProcessingInitializeOnLoad (84ms)
				ProcessInitializeOnLoadAttributes (763ms)
				ProcessInitializeOnLoadMethodAttributes (76ms)
				AfterProcessingInitializeOnLoad (6ms)
				EditorAssembliesLoaded (0ms)
			ExecutionOrderSort2 (0ms)
			AwakeInstancesAfterBackupRestoration (27ms)
Platform modules already initialized, skipping
Refreshing native plugins compatible for Editor in 1.24 ms, found 3 plugins.
Preloading 0 native plugins for Editor in 0.00 ms.
Unloading 4596 Unused Serialized files (Serialized files now loaded: 0)
Unloading 41 unused Assets / (307.2 KB). Loaded Objects now: 5330.
Memory consumption went from 191.7 MB to 191.4 MB.
Total: 5.826800 ms (FindLiveObjects: 0.675400 ms CreateObjectMapping: 0.364600 ms MarkObjects: 4.563800 ms  DeleteObjects: 0.221100 ms)

AssetImportParameters requested are different than current active one (requested -> active):
  custom:video-decoder-ogg-theora: a1e56fd34408186e4bbccfd4996cb3dc -> 
  custom:container-muxer-webm: aa71ff27fc2769a1b78a27578f13a17b -> 
  custom:container-demuxer-webm: 4f35f7cbe854078d1ac9338744f61a02 -> 
  custom:video-encoder-webm-vp8: eb34c28f22e8b96e1ab97ce403110664 -> 
  custom:CustomObjectIndexerAttribute: 6b0e35c9178b02a6363f3721b7b8e397 -> 
  custom:audio-encoder-webm-vorbis: bf7c407c2cedff20999df2af8eb42d56 -> 
  custom:framework-win-MediaFoundation: 216162199b28c13a410421893ffa2e32 -> 
  custom:SearchIndexIgnoredProperties: e643bd26f0fe6173181afceb89e7c659 -> 
  custom:container-demuxer-ogg: 62fdf1f143b41e24485cea50d1cbac27 -> 
  custom:video-decoder-webm-vp8: 9c59270c3fd7afecdb556c50c9e8de78 -> 
  custom:audio-decoder-ogg-vorbis: bf7c407c2cedff20999df2af8eb42d56 -> 
========================================================================
Received Import Request.
  Time since last request: 236.158040 seconds.
  path: Assets/Water/CausticMaterial.mat
  artifactKey: Guid(d02fa4468f043304ab89cf4795aab5dc) Importer(815301076,1909f56bfc062723c751e8b465ee728b)
Number of updated assets reloaded before import = 0
Start importing Assets/Water/CausticMaterial.mat using Guid(d02fa4468f043304ab89cf4795aab5dc) Importer(815301076,1909f56bfc062723c751e8b465ee728b)  -> (artifact id: 'c1a0241153a2984dd15a82a05a82493a') in 0.236022 seconds 
Number of asset objects unloaded after import = 3
========================================================================
Received Import Request.
  Time since last request: 8.527183 seconds.
  path: Assets/Bubbles
  artifactKey: Guid(600992238d94d5f4894ae6e2f4a8b125) Importer(815301076,1909f56bfc062723c751e8b465ee728b)
Number of updated assets reloaded before import = 1
Start importing Assets/Bubbles using Guid(600992238d94d5f4894ae6e2f4a8b125) Importer(815301076,1909f56bfc062723c751e8b465ee728b)  -> (artifact id: '90a68e3c2be6b83664cfea55a41aa02c') in 0.011594 seconds 
Number of asset objects unloaded after import = 0
========================================================================
Received Import Request.
  Time since last request: 3.718175 seconds.
  path: Assets/Bubbles/BubbleShader.shadergraph
  artifactKey: Guid(e7e2983f246282a40a5c968dde19d778) Importer(815301076,1909f56bfc062723c751e8b465ee728b)
Number of updated assets reloaded before import = 0
Start importing Assets/Bubbles/BubbleShader.shadergraph using Guid(e7e2983f246282a40a5c968dde19d778) Importer(815301076,1909f56bfc062723c751e8b465ee728b)  -> (artifact id: 'd10decae7adedd2c3180c8d3855608a6') in 0.009928 seconds 
Number of asset objects unloaded after import = 0
========================================================================
Received Import Request.
  Time since last request: 222.923601 seconds.
  path: Assets/Water/CausticMaterial.mat
  artifactKey: Guid(d02fa4468f043304ab89cf4795aab5dc) Importer(815301076,1909f56bfc062723c751e8b465ee728b)
Number of updated assets reloaded before import = 0
Start importing Assets/Water/CausticMaterial.mat using Guid(d02fa4468f043304ab89cf4795aab5dc) Importer(815301076,1909f56bfc062723c751e8b465ee728b) Default renderer is missing from the current Pipeline Asset.
UnityEngine.StackTraceUtility:ExtractStackTrace ()
UnityEngine.DebugLogHandler:LogFormat (UnityEngine.LogType,UnityEngine.Object,string,object[])
UnityEngine.Logger:Log (UnityEngine.LogType,object,UnityEngine.Object)
UnityEngine.Debug:LogError (object,UnityEngine.Object)
UnityEngine.Rendering.Universal.UniversalRenderPipelineAsset:get_scriptableRenderer () (at Library/PackageCache/com.unity.render-pipelines.universal@12.1.12/Runtime/Data/UniversalRenderPipelineAsset.cs:570)
UnityEngine.Rendering.Universal.UniversalRenderPipeline:InitializeAdditionalCameraData (UnityEngine.Camera,UnityEngine.Rendering.Universal.UniversalAdditionalCameraData,bool,UnityEngine.Rendering.Universal.CameraData&) (at Library/PackageCache/com.unity.render-pipelines.universal@12.1.12/Runtime/UniversalRenderPipeline.cs:944)
UnityEngine.Rendering.Universal.UniversalRenderPipeline:InitializeCameraData (UnityEngine.Camera,UnityEngine.Rendering.Universal.UniversalAdditionalCameraData,bool,UnityEngine.Rendering.Universal.CameraData&) (at Library/PackageCache/com.unity.render-pipelines.universal@12.1.12/Runtime/UniversalRenderPipeline.cs:753)
UnityEngine.Rendering.Universal.UniversalRenderPipeline:RenderSingleCamera (UnityEngine.Rendering.ScriptableRenderContext,UnityEngine.Camera) (at Library/PackageCache/com.unity.render-pipelines.universal@12.1.12/Runtime/UniversalRenderPipeline.cs:334)
UnityEngine.Rendering.Universal.UniversalRenderPipeline:Render (UnityEngine.Rendering.ScriptableRenderContext,System.Collections.Generic.List`1<UnityEngine.Camera>) (at Library/PackageCache/com.unity.render-pipelines.universal@12.1.12/Runtime/UniversalRenderPipeline.cs:294)
UnityEngine.Rendering.RenderPipeline:InternalRender (UnityEngine.Rendering.ScriptableRenderContext,System.Collections.Generic.List`1<UnityEngine.Camera>)
UnityEngine.Rendering.RenderPipelineManager:DoRenderLoop_Internal (UnityEngine.Rendering.RenderPipelineAsset,intptr,System.Collections.Generic.List`1<UnityEngine.Camera/RenderRequest>,Unity.Collections.LowLevel.Unsafe.AtomicSafetyHandle)
UnityEditor.PreviewRenderUtility:Render (bool,bool)
UnityEditor.MaterialEditor:DoRenderPreview (UnityEditor.PreviewRenderUtility,bool)
UnityEditor.MaterialEditor:RenderStaticPreview (string,UnityEngine.Object[],int,int)
UnityEditor.AssetPreviewUpdater:CreatePreview (UnityEngine.Object,UnityEngine.Object[],string,int,int)
UnityEditor.AssetPreviewUpdater:CreatePreviewForAsset (UnityEngine.Object,UnityEngine.Object[],string)

(Filename: Library/PackageCache/com.unity.render-pipelines.universal@12.1.12/Runtime/Data/UniversalRenderPipelineAsset.cs Line: 570)

Trying to render Preview Scene Camera with an invalid renderer. Camera rendering will be skipped.
UnityEngine.StackTraceUtility:ExtractStackTrace ()
UnityEngine.DebugLogHandler:LogFormat (UnityEngine.LogType,UnityEngine.Object,string,object[])
UnityEngine.Logger:Log (UnityEngine.LogType,object)
UnityEngine.Debug:LogWarning (object)
UnityEngine.Rendering.Universal.UniversalRenderPipeline:RenderSingleCamera (UnityEngine.Rendering.ScriptableRenderContext,UnityEngine.Rendering.Universal.CameraData,bool) (at Library/PackageCache/com.unity.render-pipelines.universal@12.1.12/Runtime/UniversalRenderPipeline.cs:372)
UnityEngine.Rendering.Universal.UniversalRenderPipeline:RenderSingleCamera (UnityEngine.Rendering.ScriptableRenderContext,UnityEngine.Camera) (at Library/PackageCache/com.unity.render-pipelines.universal@12.1.12/Runtime/UniversalRenderPipeline.cs:339)
UnityEngine.Rendering.Universal.UniversalRenderPipeline:Render (UnityEngine.Rendering.ScriptableRenderContext,System.Collections.Generic.List`1<UnityEngine.Camera>) (at Library/PackageCache/com.unity.render-pipelines.universal@12.1.12/Runtime/UniversalRenderPipeline.cs:294)
UnityEngine.Rendering.RenderPipeline:InternalRender (UnityEngine.Rendering.ScriptableRenderContext,System.Collections.Generic.List`1<UnityEngine.Camera>)
UnityEngine.Rendering.RenderPipelineManager:DoRenderLoop_Internal (UnityEngine.Rendering.RenderPipelineAsset,intptr,System.Collections.Generic.List`1<UnityEngine.Camera/RenderRequest>,Unity.Collections.LowLevel.Unsafe.AtomicSafetyHandle)
UnityEditor.PreviewRenderUtility:Render (bool,bool)
UnityEditor.MaterialEditor:DoRenderPreview (UnityEditor.PreviewRenderUtility,bool)
UnityEditor.MaterialEditor:RenderStaticPreview (string,UnityEngine.Object[],int,int)
UnityEditor.AssetPreviewUpdater:CreatePreview (UnityEngine.Object,UnityEngine.Object[],string,int,int)
UnityEditor.AssetPreviewUpdater:CreatePreviewForAsset (UnityEngine.Object,UnityEngine.Object[],string)

(Filename: Library/PackageCache/com.unity.render-pipelines.universal@12.1.12/Runtime/UniversalRenderPipeline.cs Line: 372)

 -> (artifact id: '766bcd2b86062e2548903308ac817ec4') in 0.049364 seconds 
Number of asset objects unloaded after import = 3
========================================================================
Received Import Request.
  Time since last request: 1017.977806 seconds.
  path: Assets/Scripts
  artifactKey: Guid(2d7b4e3ad0918e04ba5752f218230319) Importer(815301076,1909f56bfc062723c751e8b465ee728b)
Number of updated assets reloaded before import = 0
Start importing Assets/Scripts using Guid(2d7b4e3ad0918e04ba5752f218230319) Importer(815301076,1909f56bfc062723c751e8b465ee728b)  -> (artifact id: 'f2a334b4f4b1f8b6722252ca8f56a448') in 0.018573 seconds 
Number of asset objects unloaded after import = 0
========================================================================
Received Import Request.
  Time since last request: 11.877339 seconds.
  path: Assets/Scripts/UnderWaterEffect.cs
  artifactKey: Guid(c66aa04c8b477034d9e6ff9aec000e8b) Importer(815301076,1909f56bfc062723c751e8b465ee728b)
Number of updated assets reloaded before import = 0
Start importing Assets/Scripts/UnderWaterEffect.cs using Guid(c66aa04c8b477034d9e6ff9aec000e8b) Importer(815301076,1909f56bfc062723c751e8b465ee728b)  -> (artifact id: 'b8653c827e9aff3d62d07eb989ae670b') in 0.041077 seconds 
Number of asset objects unloaded after import = 0
========================================================================
Received Prepare
Registering precompiled user dll's ...
Registered in 0.005933 seconds.
Begin MonoManager ReloadAssembly
Native extension for WindowsStandalone target not found
Refreshing native plugins compatible for Editor in 1.53 ms, found 3 plugins.
Preloading 0 native plugins for Editor in 0.00 ms.
[Package Manager] Server::EnsureServerProcessIsRunning -- launch failed, reason: Unity was launched with the -noUpm command-line argument
[Package Manager] Cannot connect to Unity Package Manager local server
Mono: successfully reloaded assembly
- Completed reload, in  2.624 seconds
Domain Reload Profiling:
	ReloadAssembly (2635ms)
		BeginReloadAssembly (932ms)
			ExecutionOrderSort (0ms)
			DisableScriptedObjects (171ms)
			BackupInstance (0ms)
			ReleaseScriptingObjects (0ms)
			CreateAndSetChildDomain (468ms)
		EndReloadAssembly (1578ms)
			LoadAssemblies (157ms)
			RebuildTransferFunctionScriptingTraits (0ms)
			SetupTypeCache (351ms)
			ReleaseScriptCaches (5ms)
			RebuildScriptCaches (55ms)
			SetupLoadedEditorAssemblies (981ms)
				LogAssemblyErrors (0ms)
				InitializePlatformSupportModulesInManaged (9ms)
				SetLoadedEditorAssemblies (2ms)
				RefreshPlugins (2ms)
				BeforeProcessingInitializeOnLoad (86ms)
				ProcessInitializeOnLoadAttributes (797ms)
				ProcessInitializeOnLoadMethodAttributes (81ms)
				AfterProcessingInitializeOnLoad (5ms)
				EditorAssembliesLoaded (0ms)
			ExecutionOrderSort2 (0ms)
			AwakeInstancesAfterBackupRestoration (11ms)
Platform modules already initialized, skipping
NullReferenceException: Object reference not set to an instance of an object
  at UnityEngine.Rendering.Universal.UniversalRenderPipelineAsset.CreatePipeline () [0x00039] in C:\Users\nasta\My project (2)\Library\PackageCache\com.unity.render-pipelines.universal@12.1.12\Runtime\Data\UniversalRenderPipelineAsset.cs:464 
  at UnityEngine.Rendering.Universal.UniversalRenderPipelineAsset.get_scriptableRendererData () [0x00015] in C:\Users\nasta\My project (2)\Library\PackageCache\com.unity.render-pipelines.universal@12.1.12\Runtime\Data\UniversalRenderPipelineAsset.cs:622 
  at UnityEngine.Rendering.Universal.UniversalRenderPipelineAsset.get_defaultShader () [0x00000] in C:\Users\nasta\My project (2)\Library\PackageCache\com.unity.render-pipelines.universal@12.1.12\Runtime\Data\UniversalRenderPipelineAsset.cs:1143 

(Filename: Library/PackageCache/com.unity.render-pipelines.universal@12.1.12/Runtime/Data/UniversalRenderPipelineAsset.cs Line: 464)

Refreshing native plugins compatible for Editor in 1.34 ms, found 3 plugins.
Preloading 0 native plugins for Editor in 0.00 ms.
Unloading 4598 Unused Serialized files (Serialized files now loaded: 0)
Unloading 88 unused Assets / (312.8 KB). Loaded Objects now: 5324.
Memory consumption went from 191.9 MB to 191.6 MB.
Total: 13.689300 ms (FindLiveObjects: 0.535900 ms CreateObjectMapping: 0.339000 ms MarkObjects: 6.886200 ms  DeleteObjects: 5.926100 ms)

NullReferenceException: Object reference not set to an instance of an object
  at UnityEngine.Rendering.Universal.UniversalRenderPipelineAsset.CreatePipeline () [0x00039] in C:\Users\nasta\My project (2)\Library\PackageCache\com.unity.render-pipelines.universal@12.1.12\Runtime\Data\UniversalRenderPipelineAsset.cs:464 
  at UnityEngine.Rendering.Universal.UniversalRenderPipelineAsset.get_scriptableRendererData () [0x00015] in C:\Users\nasta\My project (2)\Library\PackageCache\com.unity.render-pipelines.universal@12.1.12\Runtime\Data\UniversalRenderPipelineAsset.cs:622 
  at UnityEngine.Rendering.Universal.UniversalRenderPipelineAsset.get_defaultShader () [0x00000] in C:\Users\nasta\My project (2)\Library\PackageCache\com.unity.render-pipelines.universal@12.1.12\Runtime\Data\UniversalRenderPipelineAsset.cs:1143 

(Filename: Library/PackageCache/com.unity.render-pipelines.universal@12.1.12/Runtime/Data/UniversalRenderPipelineAsset.cs Line: 464)

AssetImportParameters requested are different than current active one (requested -> active):
  custom:video-decoder-ogg-theora: a1e56fd34408186e4bbccfd4996cb3dc -> 
  custom:container-muxer-webm: aa71ff27fc2769a1b78a27578f13a17b -> 
  custom:container-demuxer-webm: 4f35f7cbe854078d1ac9338744f61a02 -> 
  custom:srp/default-shader: 0000e00a000e0de00000e000e0000000 -> 00a0da0d000000000000000000000000
  custom:video-encoder-webm-vp8: eb34c28f22e8b96e1ab97ce403110664 -> 
  custom:CustomObjectIndexerAttribute: 6b0e35c9178b02a6363f3721b7b8e397 -> 
  custom:audio-encoder-webm-vorbis: bf7c407c2cedff20999df2af8eb42d56 -> 
  custom:framework-win-MediaFoundation: 216162199b28c13a410421893ffa2e32 -> 
  custom:SearchIndexIgnoredProperties: e643bd26f0fe6173181afceb89e7c659 -> 
  custom:container-demuxer-ogg: 62fdf1f143b41e24485cea50d1cbac27 -> 
  custom:video-decoder-webm-vp8: 9c59270c3fd7afecdb556c50c9e8de78 -> 
  custom:audio-decoder-ogg-vorbis: bf7c407c2cedff20999df2af8eb42d56 -> 
========================================================================
Received Prepare
Registering precompiled user dll's ...
Registered in 0.004380 seconds.
Begin MonoManager ReloadAssembly
Native extension for WindowsStandalone target not found
Refreshing native plugins compatible for Editor in 1.35 ms, found 3 plugins.
Preloading 0 native plugins for Editor in 0.00 ms.
[Package Manager] Server::EnsureServerProcessIsRunning -- launch failed, reason: Unity was launched with the -noUpm command-line argument
[Package Manager] Cannot connect to Unity Package Manager local server
Mono: successfully reloaded assembly
- Completed reload, in  1.712 seconds
Domain Reload Profiling:
	ReloadAssembly (1712ms)
		BeginReloadAssembly (164ms)
			ExecutionOrderSort (0ms)
			DisableScriptedObjects (7ms)
			BackupInstance (0ms)
			ReleaseScriptingObjects (0ms)
			CreateAndSetChildDomain (41ms)
		EndReloadAssembly (1430ms)
			LoadAssemblies (113ms)
			RebuildTransferFunctionScriptingTraits (0ms)
			SetupTypeCache (308ms)
			ReleaseScriptCaches (3ms)
			RebuildScriptCaches (49ms)
			SetupLoadedEditorAssemblies (926ms)
				LogAssemblyErrors (0ms)
				InitializePlatformSupportModulesInManaged (5ms)
				SetLoadedEditorAssemblies (1ms)
				RefreshPlugins (1ms)
				BeforeProcessingInitializeOnLoad (82ms)
				ProcessInitializeOnLoadAttributes (744ms)
				ProcessInitializeOnLoadMethodAttributes (85ms)
				AfterProcessingInitializeOnLoad (8ms)
				EditorAssembliesLoaded (0ms)
			ExecutionOrderSort2 (0ms)
			AwakeInstancesAfterBackupRestoration (13ms)
Platform modules already initialized, skipping
NullReferenceException: Object reference not set to an instance of an object
  at UnityEngine.Rendering.Universal.UniversalRenderPipelineAsset.CreatePipeline () [0x00039] in C:\Users\nasta\My project (2)\Library\PackageCache\com.unity.render-pipelines.universal@12.1.12\Runtime\Data\UniversalRenderPipelineAsset.cs:464 
  at UnityEngine.Rendering.Universal.UniversalRenderPipelineAsset.get_scriptableRendererData () [0x00015] in C:\Users\nasta\My project (2)\Library\PackageCache\com.unity.render-pipelines.universal@12.1.12\Runtime\Data\UniversalRenderPipelineAsset.cs:622 
  at UnityEngine.Rendering.Universal.UniversalRenderPipelineAsset.get_defaultShader () [0x00000] in C:\Users\nasta\My project (2)\Library\PackageCache\com.unity.render-pipelines.universal@12.1.12\Runtime\Data\UniversalRenderPipelineAsset.cs:1143 

(Filename: Library/PackageCache/com.unity.render-pipelines.universal@12.1.12/Runtime/Data/UniversalRenderPipelineAsset.cs Line: 464)

Refreshing native plugins compatible for Editor in 1.49 ms, found 3 plugins.
Preloading 0 native plugins for Editor in 0.00 ms.
Unloading 4598 Unused Serialized files (Serialized files now loaded: 0)
Unloading 23 unused Assets / (307.2 KB). Loaded Objects now: 5328.
Memory consumption went from 191.7 MB to 191.4 MB.
Total: 4.701300 ms (FindLiveObjects: 0.499700 ms CreateObjectMapping: 0.467000 ms MarkObjects: 3.634600 ms  DeleteObjects: 0.097600 ms)

NullReferenceException: Object reference not set to an instance of an object
  at UnityEngine.Rendering.Universal.UniversalRenderPipelineAsset.CreatePipeline () [0x00039] in C:\Users\nasta\My project (2)\Library\PackageCache\com.unity.render-pipelines.universal@12.1.12\Runtime\Data\UniversalRenderPipelineAsset.cs:464 
  at UnityEngine.Rendering.Universal.UniversalRenderPipelineAsset.get_scriptableRendererData () [0x00015] in C:\Users\nasta\My project (2)\Library\PackageCache\com.unity.render-pipelines.universal@12.1.12\Runtime\Data\UniversalRenderPipelineAsset.cs:622 
  at UnityEngine.Rendering.Universal.UniversalRenderPipelineAsset.get_defaultShader () [0x00000] in C:\Users\nasta\My project (2)\Library\PackageCache\com.unity.render-pipelines.universal@12.1.12\Runtime\Data\UniversalRenderPipelineAsset.cs:1143 

(Filename: Library/PackageCache/com.unity.render-pipelines.universal@12.1.12/Runtime/Data/UniversalRenderPipelineAsset.cs Line: 464)

AssetImportParameters requested are different than current active one (requested -> active):
  custom:video-decoder-ogg-theora: a1e56fd34408186e4bbccfd4996cb3dc -> 
  custom:container-muxer-webm: aa71ff27fc2769a1b78a27578f13a17b -> 
  custom:container-demuxer-webm: 4f35f7cbe854078d1ac9338744f61a02 -> 
  custom:srp/default-shader: 0000e00a000e0de00000e000e0000000 -> 00a0da0d000000000000000000000000
  custom:video-encoder-webm-vp8: eb34c28f22e8b96e1ab97ce403110664 -> 
  custom:CustomObjectIndexerAttribute: 6b0e35c9178b02a6363f3721b7b8e397 -> 
  custom:audio-encoder-webm-vorbis: bf7c407c2cedff20999df2af8eb42d56 -> 
  custom:framework-win-MediaFoundation: 216162199b28c13a410421893ffa2e32 -> 
  custom:SearchIndexIgnoredProperties: e643bd26f0fe6173181afceb89e7c659 -> 
  custom:container-demuxer-ogg: 62fdf1f143b41e24485cea50d1cbac27 -> 
  custom:video-decoder-webm-vp8: 9c59270c3fd7afecdb556c50c9e8de78 -> 
  custom:audio-decoder-ogg-vorbis: bf7c407c2cedff20999df2af8eb42d56 -> 
========================================================================
Received Prepare
Registering precompiled user dll's ...
Registered in 0.004814 seconds.
Begin MonoManager ReloadAssembly
Native extension for WindowsStandalone target not found
Refreshing native plugins compatible for Editor in 0.86 ms, found 3 plugins.
Preloading 0 native plugins for Editor in 0.00 ms.
[Package Manager] Server::EnsureServerProcessIsRunning -- launch failed, reason: Unity was launched with the -noUpm command-line argument
[Package Manager] Cannot connect to Unity Package Manager local server
Mono: successfully reloaded assembly
- Completed reload, in  1.671 seconds
Domain Reload Profiling:
	ReloadAssembly (1672ms)
		BeginReloadAssembly (181ms)
			ExecutionOrderSort (0ms)
			DisableScriptedObjects (6ms)
			BackupInstance (0ms)
			ReleaseScriptingObjects (0ms)
			CreateAndSetChildDomain (57ms)
		EndReloadAssembly (1387ms)
			LoadAssemblies (120ms)
			RebuildTransferFunctionScriptingTraits (0ms)
			SetupTypeCache (294ms)
			ReleaseScriptCaches (3ms)
			RebuildScriptCaches (54ms)
			SetupLoadedEditorAssemblies (896ms)
				LogAssemblyErrors (0ms)
				InitializePlatformSupportModulesInManaged (4ms)
				SetLoadedEditorAssemblies (1ms)
				RefreshPlugins (1ms)
				BeforeProcessingInitializeOnLoad (85ms)
				ProcessInitializeOnLoadAttributes (714ms)
				ProcessInitializeOnLoadMethodAttributes (84ms)
				AfterProcessingInitializeOnLoad (7ms)
				EditorAssembliesLoaded (0ms)
			ExecutionOrderSort2 (0ms)
			AwakeInstancesAfterBackupRestoration (12ms)
Platform modules already initialized, skipping
NullReferenceException: Object reference not set to an instance of an object
  at UnityEngine.Rendering.Universal.UniversalRenderPipelineAsset.CreatePipeline () [0x00039] in C:\Users\nasta\My project (2)\Library\PackageCache\com.unity.render-pipelines.universal@12.1.12\Runtime\Data\UniversalRenderPipelineAsset.cs:464 
  at UnityEngine.Rendering.Universal.UniversalRenderPipelineAsset.get_scriptableRendererData () [0x00015] in C:\Users\nasta\My project (2)\Library\PackageCache\com.unity.render-pipelines.universal@12.1.12\Runtime\Data\UniversalRenderPipelineAsset.cs:622 
  at UnityEngine.Rendering.Universal.UniversalRenderPipelineAsset.get_defaultShader () [0x00000] in C:\Users\nasta\My project (2)\Library\PackageCache\com.unity.render-pipelines.universal@12.1.12\Runtime\Data\UniversalRenderPipelineAsset.cs:1143 

(Filename: Library/PackageCache/com.unity.render-pipelines.universal@12.1.12/Runtime/Data/UniversalRenderPipelineAsset.cs Line: 464)

Refreshing native plugins compatible for Editor in 2.02 ms, found 3 plugins.
Preloading 0 native plugins for Editor in 0.00 ms.
Unloading 4597 Unused Serialized files (Serialized files now loaded: 0)
Unloading 24 unused Assets / (307.2 KB). Loaded Objects now: 5330.
Memory consumption went from 191.7 MB to 191.4 MB.
Total: 6.903800 ms (FindLiveObjects: 1.414400 ms CreateObjectMapping: 0.565100 ms MarkObjects: 4.735300 ms  DeleteObjects: 0.186900 ms)

NullReferenceException: Object reference not set to an instance of an object
  at UnityEngine.Rendering.Universal.UniversalRenderPipelineAsset.CreatePipeline () [0x00039] in C:\Users\nasta\My project (2)\Library\PackageCache\com.unity.render-pipelines.universal@12.1.12\Runtime\Data\UniversalRenderPipelineAsset.cs:464 
  at UnityEngine.Rendering.Universal.UniversalRenderPipelineAsset.get_scriptableRendererData () [0x00015] in C:\Users\nasta\My project (2)\Library\PackageCache\com.unity.render-pipelines.universal@12.1.12\Runtime\Data\UniversalRenderPipelineAsset.cs:622 
  at UnityEngine.Rendering.Universal.UniversalRenderPipelineAsset.get_defaultShader () [0x00000] in C:\Users\nasta\My project (2)\Library\PackageCache\com.unity.render-pipelines.universal@12.1.12\Runtime\Data\UniversalRenderPipelineAsset.cs:1143 

(Filename: Library/PackageCache/com.unity.render-pipelines.universal@12.1.12/Runtime/Data/UniversalRenderPipelineAsset.cs Line: 464)

AssetImportParameters requested are different than current active one (requested -> active):
  custom:video-decoder-ogg-theora: a1e56fd34408186e4bbccfd4996cb3dc -> 
  custom:container-muxer-webm: aa71ff27fc2769a1b78a27578f13a17b -> 
  custom:container-demuxer-webm: 4f35f7cbe854078d1ac9338744f61a02 -> 
  custom:srp/default-shader: 0000e00a000e0de00000e000e0000000 -> 00a0da0d000000000000000000000000
  custom:video-encoder-webm-vp8: eb34c28f22e8b96e1ab97ce403110664 -> 
  custom:CustomObjectIndexerAttribute: 6b0e35c9178b02a6363f3721b7b8e397 -> 
  custom:audio-encoder-webm-vorbis: bf7c407c2cedff20999df2af8eb42d56 -> 
  custom:framework-win-MediaFoundation: 216162199b28c13a410421893ffa2e32 -> 
  custom:SearchIndexIgnoredProperties: e643bd26f0fe6173181afceb89e7c659 -> 
  custom:container-demuxer-ogg: 62fdf1f143b41e24485cea50d1cbac27 -> 
  custom:video-decoder-webm-vp8: 9c59270c3fd7afecdb556c50c9e8de78 -> 
  custom:audio-decoder-ogg-vorbis: bf7c407c2cedff20999df2af8eb42d56 -> 
