Using pre-set license
Built from '2021.3/staging' branch; Version is '2021.3.30f1 (b4360d7cdac4) revision 11810317'; Using compiler version '192829333'; Build Type 'Release'
OS: 'Windows 10  (10.0.19045) 64bit Core' Language: 'ru' Physical Memory: 7893 MB
BatchMode: 1, IsHumanControllingUs: 0, StartBugReporterOnCrash: 0, Is64bit: 1, IsPro: 1

COMMAND LINE ARGUMENTS:
C:\Program Files\Unity 2021.3.30f1\Editor\Unity.exe
-adb2
-batchMode
-noUpm
-name
AssetImportWorker2
-projectPath
C:/Users/nasta/VisualEffectsOfDepths
-logFile
Logs/AssetImportWorker2.log
-srvPort
58672
Successfully changed project path to: C:/Users/nasta/VisualEffectsOfDepths
C:/Users/nasta/VisualEffectsOfDepths
[UnityMemory] Configuration Parameters - Can be set up in boot.config
    "memorysetup-bucket-allocator-granularity=16"
    "memorysetup-bucket-allocator-bucket-count=8"
    "memorysetup-bucket-allocator-block-size=33554432"
    "memorysetup-bucket-allocator-block-count=8"
    "memorysetup-main-allocator-block-size=16777216"
    "memorysetup-thread-allocator-block-size=16777216"
    "memorysetup-gfx-main-allocator-block-size=16777216"
    "memorysetup-gfx-thread-allocator-block-size=16777216"
    "memorysetup-cache-allocator-block-size=4194304"
    "memorysetup-typetree-allocator-block-size=2097152"
    "memorysetup-profiler-bucket-allocator-granularity=16"
    "memorysetup-profiler-bucket-allocator-bucket-count=8"
    "memorysetup-profiler-bucket-allocator-block-size=33554432"
    "memorysetup-profiler-bucket-allocator-block-count=8"
    "memorysetup-profiler-allocator-block-size=16777216"
    "memorysetup-profiler-editor-allocator-block-size=1048576"
    "memorysetup-temp-allocator-size-main=16777216"
    "memorysetup-job-temp-allocator-block-size=2097152"
    "memorysetup-job-temp-allocator-block-size-background=1048576"
    "memorysetup-job-temp-allocator-reduction-small-platforms=262144"
    "memorysetup-temp-allocator-size-background-worker=32768"
    "memorysetup-temp-allocator-size-job-worker=262144"
    "memorysetup-temp-allocator-size-preload-manager=33554432"
    "memorysetup-temp-allocator-size-nav-mesh-worker=65536"
    "memorysetup-temp-allocator-size-audio-worker=65536"
    "memorysetup-temp-allocator-size-cloud-worker=32768"
    "memorysetup-temp-allocator-size-gi-baking-worker=262144"
    "memorysetup-temp-allocator-size-gfx=262144"
Player connection [16212] Host "[IP] 26.93.114.81 [Port] 0 [Flags] 2 [Guid] 1459444956 [EditorId] 1459444956 [Version] 1048832 [Id] WindowsEditor(7,DESKTOP-R8GVPI6) [Debug] 1 [PackageName] WindowsEditor [ProjectName] Editor" joined multi-casting on [225.0.0.222:54997]...

Player connection [16212] Host "[IP] 26.93.114.81 [Port] 0 [Flags] 2 [Guid] 1459444956 [EditorId] 1459444956 [Version] 1048832 [Id] WindowsEditor(7,DESKTOP-R8GVPI6) [Debug] 1 [PackageName] WindowsEditor [ProjectName] Editor" joined alternative multi-casting on [225.0.0.222:34997]...

[Physics::Module] Initialized MultithreadedJobDispatcher with {0} workers.
Refreshing native plugins compatible for Editor in 106.14 ms, found 3 plugins.
Preloading 0 native plugins for Editor in 0.00 ms.
Initialize engine version: 2021.3.30f1 (b4360d7cdac4)
[Subsystems] Discovering subsystems at path C:/Program Files/Unity 2021.3.30f1/Editor/Data/Resources/UnitySubsystems
[Subsystems] Discovering subsystems at path C:/Users/nasta/VisualEffectsOfDepths/Assets
GfxDevice: creating device client; threaded=0; jobified=0
Direct3D:
    Version:  Direct3D 11.0 [level 11.1]
    Renderer: NVIDIA GeForce RTX 3050 Laptop GPU (ID=0x25a2)
    Vendor:   NVIDIA
    VRAM:     3965 MB
    Driver:   32.0.15.5599
Initialize mono
Mono path[0] = 'C:/Program Files/Unity 2021.3.30f1/Editor/Data/Managed'
Mono path[1] = 'C:/Program Files/Unity 2021.3.30f1/Editor/Data/MonoBleedingEdge/lib/mono/unityjit-win32'
Mono config path = 'C:/Program Files/Unity 2021.3.30f1/Editor/Data/MonoBleedingEdge/etc'
Using monoOptions --debugger-agent=transport=dt_socket,embedding=1,server=y,suspend=n,address=127.0.0.1:56016
Begin MonoManager ReloadAssembly
Registering precompiled unity dll's ...
Register platform support module: C:/Program Files/Unity 2021.3.30f1/Editor/Data/PlaybackEngines/WindowsStandaloneSupport/UnityEditor.WindowsStandalone.Extensions.dll
Registered in 0.007153 seconds.
Native extension for WindowsStandalone target not found
Refreshing native plugins compatible for Editor in 96.87 ms, found 3 plugins.
Preloading 0 native plugins for Editor in 0.00 ms.
Mono: successfully reloaded assembly
- Completed reload, in  0.715 seconds
Domain Reload Profiling:
	ReloadAssembly (716ms)
		BeginReloadAssembly (123ms)
			ExecutionOrderSort (0ms)
			DisableScriptedObjects (0ms)
			BackupInstance (0ms)
			ReleaseScriptingObjects (0ms)
			CreateAndSetChildDomain (1ms)
		EndReloadAssembly (496ms)
			LoadAssemblies (121ms)
			RebuildTransferFunctionScriptingTraits (0ms)
			SetupTypeCache (121ms)
			ReleaseScriptCaches (0ms)
			RebuildScriptCaches (34ms)
			SetupLoadedEditorAssemblies (301ms)
				LogAssemblyErrors (0ms)
				InitializePlatformSupportModulesInManaged (15ms)
				SetLoadedEditorAssemblies (1ms)
				RefreshPlugins (97ms)
				BeforeProcessingInitializeOnLoad (2ms)
				ProcessInitializeOnLoadAttributes (131ms)
				ProcessInitializeOnLoadMethodAttributes (54ms)
				AfterProcessingInitializeOnLoad (0ms)
				EditorAssembliesLoaded (0ms)
			ExecutionOrderSort2 (0ms)
			AwakeInstancesAfterBackupRestoration (0ms)
Platform modules already initialized, skipping
Registering precompiled user dll's ...
Registered in 0.016038 seconds.
Begin MonoManager ReloadAssembly
Native extension for WindowsStandalone target not found
Refreshing native plugins compatible for Editor in 90.02 ms, found 3 plugins.
Preloading 0 native plugins for Editor in 0.00 ms.
Package Manager log level set to [2]
[Package Manager] Server::EnsureServerProcessIsRunning -- launch failed, reason: Unity was launched with the -noUpm command-line argument
[Package Manager] Cannot connect to Unity Package Manager local server
Mono: successfully reloaded assembly
- Completed reload, in  1.684 seconds
Domain Reload Profiling:
	ReloadAssembly (1685ms)
		BeginReloadAssembly (103ms)
			ExecutionOrderSort (0ms)
			DisableScriptedObjects (4ms)
			BackupInstance (0ms)
			ReleaseScriptingObjects (0ms)
			CreateAndSetChildDomain (16ms)
		EndReloadAssembly (1479ms)
			LoadAssemblies (137ms)
			RebuildTransferFunctionScriptingTraits (0ms)
			SetupTypeCache (292ms)
			ReleaseScriptCaches (1ms)
			RebuildScriptCaches (79ms)
			SetupLoadedEditorAssemblies (950ms)
				LogAssemblyErrors (0ms)
				InitializePlatformSupportModulesInManaged (3ms)
				SetLoadedEditorAssemblies (0ms)
				RefreshPlugins (90ms)
				BeforeProcessingInitializeOnLoad (88ms)
				ProcessInitializeOnLoadAttributes (705ms)
				ProcessInitializeOnLoadMethodAttributes (58ms)
				AfterProcessingInitializeOnLoad (5ms)
				EditorAssembliesLoaded (0ms)
			ExecutionOrderSort2 (0ms)
			AwakeInstancesAfterBackupRestoration (5ms)
Platform modules already initialized, skipping
========================================================================
Worker process is ready to serve import requests
Launched and connected shader compiler UnityShaderCompiler.exe after 0.06 seconds
Refreshing native plugins compatible for Editor in 1.45 ms, found 3 plugins.
Preloading 0 native plugins for Editor in 0.00 ms.
Unloading 5295 Unused Serialized files (Serialized files now loaded: 0)
Unloading 28 unused Assets / (1.1 MB). Loaded Objects now: 5779.
Memory consumption went from 305.7 MB to 304.6 MB.
Total: 3.596900 ms (FindLiveObjects: 0.468300 ms CreateObjectMapping: 0.227700 ms MarkObjects: 2.701400 ms  DeleteObjects: 0.198500 ms)

AssetImportParameters requested are different than current active one (requested -> active):
  custom:video-decoder-ogg-theora: a1e56fd34408186e4bbccfd4996cb3dc -> 
  custom:container-muxer-webm: aa71ff27fc2769a1b78a27578f13a17b -> 
  custom:container-demuxer-webm: 4f35f7cbe854078d1ac9338744f61a02 -> 
  custom:video-encoder-webm-vp8: eb34c28f22e8b96e1ab97ce403110664 -> 
  custom:CustomObjectIndexerAttribute: 6b0e35c9178b02a6363f3721b7b8e397 -> 
  custom:audio-encoder-webm-vorbis: bf7c407c2cedff20999df2af8eb42d56 -> 
  custom:framework-win-MediaFoundation: 216162199b28c13a410421893ffa2e32 -> 
  custom:SearchIndexIgnoredProperties: e643bd26f0fe6173181afceb89e7c659 -> 
  custom:container-demuxer-ogg: 62fdf1f143b41e24485cea50d1cbac27 -> 
  custom:video-decoder-webm-vp8: 9c59270c3fd7afecdb556c50c9e8de78 -> 
  custom:audio-decoder-ogg-vorbis: bf7c407c2cedff20999df2af8eb42d56 -> 
========================================================================
Received Import Request.
  Time since last request: 648273.863389 seconds.
  path: Assets/Water/WaveShader.shadergraph
  artifactKey: Guid(9621230514568fe4db728f4838b0ba32) Importer(815301076,1909f56bfc062723c751e8b465ee728b)
Number of updated assets reloaded before import = 0
Start importing Assets/Water/WaveShader.shadergraph using Guid(9621230514568fe4db728f4838b0ba32) Importer(815301076,1909f56bfc062723c751e8b465ee728b)  -> (artifact id: '3c9b37fd7492a05624ca19e6c23606cf') in 0.198366 seconds 
Number of asset objects unloaded after import = 0
========================================================================
Received Import Request.
  Time since last request: 6487.446891 seconds.
  path: Assets/Exterior_swimming_pool/Scene
  artifactKey: Guid(5a4284bba7417b7448ffc9f681b6fab9) Importer(815301076,1909f56bfc062723c751e8b465ee728b)
Number of updated assets reloaded before import = 1
Start importing Assets/Exterior_swimming_pool/Scene using Guid(5a4284bba7417b7448ffc9f681b6fab9) Importer(815301076,1909f56bfc062723c751e8b465ee728b)  -> (artifact id: '1cec0d8b03fc596ac676e90799538e5d') in 0.041366 seconds 
Number of asset objects unloaded after import = 0
========================================================================
Received Import Request.
  Time since last request: 7.439766 seconds.
  path: Assets/Exterior_swimming_pool/Scene/exterior_swimming_pool.unity
  artifactKey: Guid(540a5db935df133428936bb1e88fcb99) Importer(815301076,1909f56bfc062723c751e8b465ee728b)
Number of updated assets reloaded before import = 0
Start importing Assets/Exterior_swimming_pool/Scene/exterior_swimming_pool.unity using Guid(540a5db935df133428936bb1e88fcb99) Importer(815301076,1909f56bfc062723c751e8b465ee728b)  -> (artifact id: 'bc1a2e9eecb4126c1a1e0e9aedc7eb30') in 0.013978 seconds 
Number of asset objects unloaded after import = 0
========================================================================
Received Import Request.
  Time since last request: 62.448258 seconds.
  path: Assets/Exterior_swimming_pool/Water
  artifactKey: Guid(17e234879cb994b7f93d7437c10d23d6) Importer(815301076,1909f56bfc062723c751e8b465ee728b)
Number of updated assets reloaded before import = 0
Start importing Assets/Exterior_swimming_pool/Water using Guid(17e234879cb994b7f93d7437c10d23d6) Importer(815301076,1909f56bfc062723c751e8b465ee728b)  -> (artifact id: '3b6f9de2b99c492a4aa2cd0ab708d09e') in 0.005888 seconds 
Number of asset objects unloaded after import = 0
========================================================================
Received Import Request.
  Time since last request: 0.464116 seconds.
  path: Assets/Exterior_swimming_pool/Textures
  artifactKey: Guid(e0eeb369e44e6b141a368e8ab874bdd5) Importer(815301076,1909f56bfc062723c751e8b465ee728b)
Number of updated assets reloaded before import = 0
Start importing Assets/Exterior_swimming_pool/Textures using Guid(e0eeb369e44e6b141a368e8ab874bdd5) Importer(815301076,1909f56bfc062723c751e8b465ee728b)  -> (artifact id: '8c2cdfc9f2d8ffad98fef5ae7577f954') in 0.014550 seconds 
Number of asset objects unloaded after import = 0
========================================================================
Received Import Request.
  Time since last request: 0.688562 seconds.
  path: Assets/Exterior_swimming_pool/prefabs
  artifactKey: Guid(8b46df952f88b1b45aae00231ba6ac51) Importer(815301076,1909f56bfc062723c751e8b465ee728b)
Number of updated assets reloaded before import = 0
Start importing Assets/Exterior_swimming_pool/prefabs using Guid(8b46df952f88b1b45aae00231ba6ac51) Importer(815301076,1909f56bfc062723c751e8b465ee728b)  -> (artifact id: 'ab324dcc832fc76b7586e889bbaf373c') in 0.012228 seconds 
Number of asset objects unloaded after import = 0
========================================================================
Received Import Request.
  Time since last request: 0.686341 seconds.
  path: Assets/Exterior_swimming_pool/Post_processing
  artifactKey: Guid(b38d9ffa045f87d4d839943c2fa020de) Importer(815301076,1909f56bfc062723c751e8b465ee728b)
Number of updated assets reloaded before import = 0
Start importing Assets/Exterior_swimming_pool/Post_processing using Guid(b38d9ffa045f87d4d839943c2fa020de) Importer(815301076,1909f56bfc062723c751e8b465ee728b)  -> (artifact id: 'fb6018f5e961c92c1448e81a847583d8') in 0.012073 seconds 
Number of asset objects unloaded after import = 0
========================================================================
Received Import Request.
  Time since last request: 1.144573 seconds.
  path: Assets/Exterior_swimming_pool/Post_processing/Post_Processor Profile.asset
  artifactKey: Guid(6394e949156b7dc42befda45f10f072b) Importer(815301076,1909f56bfc062723c751e8b465ee728b)
Number of updated assets reloaded before import = 0
Start importing Assets/Exterior_swimming_pool/Post_processing/Post_Processor Profile.asset using Guid(6394e949156b7dc42befda45f10f072b) Importer(815301076,1909f56bfc062723c751e8b465ee728b)  -> (artifact id: 'ac0d952b61c8d3d90c7e33c3102af05b') in 0.064650 seconds 
Number of asset objects unloaded after import = 1
========================================================================
Received Import Request.
  Time since last request: 5.519576 seconds.
  path: Assets/Exterior_swimming_pool/Documentation
  artifactKey: Guid(245a614ebd5e00841b0e1d1c609fe5e9) Importer(815301076,1909f56bfc062723c751e8b465ee728b)
Number of updated assets reloaded before import = 0
Start importing Assets/Exterior_swimming_pool/Documentation using Guid(245a614ebd5e00841b0e1d1c609fe5e9) Importer(815301076,1909f56bfc062723c751e8b465ee728b)  -> (artifact id: '7c02d2a33fe0787382a5a0db6a57776a') in 0.013466 seconds 
Number of asset objects unloaded after import = 0
========================================================================
Received Import Request.
  Time since last request: 2.151888 seconds.
  path: Assets/Exterior_swimming_pool/Documentation/Readme.txt
  artifactKey: Guid(c17a5835a05044648a90ec03ba611c4d) Importer(815301076,1909f56bfc062723c751e8b465ee728b)
Number of updated assets reloaded before import = 0
Start importing Assets/Exterior_swimming_pool/Documentation/Readme.txt using Guid(c17a5835a05044648a90ec03ba611c4d) Importer(815301076,1909f56bfc062723c751e8b465ee728b)  -> (artifact id: '807fa7ac654aaca4e7b70513b728247f') in 0.051706 seconds 
Number of asset objects unloaded after import = 1
========================================================================
Received Import Request.
  Time since last request: 20.025284 seconds.
  path: Assets/Exterior_swimming_pool/Materials
  artifactKey: Guid(e11a35da80f2b914eb15989b77b15783) Importer(815301076,1909f56bfc062723c751e8b465ee728b)
Number of updated assets reloaded before import = 0
Start importing Assets/Exterior_swimming_pool/Materials using Guid(e11a35da80f2b914eb15989b77b15783) Importer(815301076,1909f56bfc062723c751e8b465ee728b)  -> (artifact id: 'f4e9819da8b4474cde0a1cf490368da5') in 0.012030 seconds 
Number of asset objects unloaded after import = 0
========================================================================
Received Import Request.
  Time since last request: 0.041493 seconds.
  path: Assets/Exterior_swimming_pool/Materials/esp_concrete_black.mat
  artifactKey: Guid(32f498c36d577454b960180a140f2846) Importer(815301076,1909f56bfc062723c751e8b465ee728b)
Number of updated assets reloaded before import = 0
Start importing Assets/Exterior_swimming_pool/Materials/esp_concrete_black.mat using Guid(32f498c36d577454b960180a140f2846) Importer(815301076,1909f56bfc062723c751e8b465ee728b)  -> (artifact id: 'e8a5d053c49f5d8248ec82e020676fc8') in 2.465206 seconds 
Number of asset objects unloaded after import = 13
========================================================================
Received Import Request.
  Time since last request: 0.000061 seconds.
  path: Assets/Exterior_swimming_pool/Materials/esp_tile_color1.mat
  artifactKey: Guid(5cb0816980c0e174580cb104d2bd2a05) Importer(815301076,1909f56bfc062723c751e8b465ee728b)
Number of updated assets reloaded before import = 0
Start importing Assets/Exterior_swimming_pool/Materials/esp_tile_color1.mat using Guid(5cb0816980c0e174580cb104d2bd2a05) Importer(815301076,1909f56bfc062723c751e8b465ee728b)  -> (artifact id: '325d57788b3575ad85e4bb9930b82b5e') in 0.047647 seconds 
Number of asset objects unloaded after import = 6
========================================================================
Received Import Request.
  Time since last request: 0.000036 seconds.
  path: Assets/Exterior_swimming_pool/Meshes
  artifactKey: Guid(b712435859d58034b82e392eb18b2354) Importer(815301076,1909f56bfc062723c751e8b465ee728b)
Number of updated assets reloaded before import = 0
Start importing Assets/Exterior_swimming_pool/Meshes using Guid(b712435859d58034b82e392eb18b2354) Importer(815301076,1909f56bfc062723c751e8b465ee728b)  -> (artifact id: 'feb1a09933c2a417e169685853cc75df') in 0.014526 seconds 
Number of asset objects unloaded after import = 0
========================================================================
Received Import Request.
  Time since last request: 0.000071 seconds.
  path: Assets/Exterior_swimming_pool/Materials/esp_stone_trim_r.mat
  artifactKey: Guid(d18dd813fa24187448cae03b72c40a5d) Importer(815301076,1909f56bfc062723c751e8b465ee728b)
Number of updated assets reloaded before import = 0
Start importing Assets/Exterior_swimming_pool/Materials/esp_stone_trim_r.mat using Guid(d18dd813fa24187448cae03b72c40a5d) Importer(815301076,1909f56bfc062723c751e8b465ee728b)  -> (artifact id: '956bff27b9d76e0bd9ae22450170b284') in 0.039291 seconds 
Number of asset objects unloaded after import = 6
========================================================================
Received Import Request.
  Time since last request: 0.000031 seconds.
  path: Assets/Exterior_swimming_pool/Materials/esp_metal_bare.mat
  artifactKey: Guid(9c4e30ec28fc83c40aff3583d7565c53) Importer(815301076,1909f56bfc062723c751e8b465ee728b)
Number of updated assets reloaded before import = 0
Start importing Assets/Exterior_swimming_pool/Materials/esp_metal_bare.mat using Guid(9c4e30ec28fc83c40aff3583d7565c53) Importer(815301076,1909f56bfc062723c751e8b465ee728b)  -> (artifact id: '37f511c30325071b380735d627398122') in 0.032482 seconds 
Number of asset objects unloaded after import = 6
========================================================================
Received Import Request.
  Time since last request: 0.000032 seconds.
  path: Assets/Exterior_swimming_pool/Materials/esp_diving_board.mat
  artifactKey: Guid(6a94557c64a53994c85c14d34b0604fe) Importer(815301076,1909f56bfc062723c751e8b465ee728b)
Number of updated assets reloaded before import = 0
Start importing Assets/Exterior_swimming_pool/Materials/esp_diving_board.mat using Guid(6a94557c64a53994c85c14d34b0604fe) Importer(815301076,1909f56bfc062723c751e8b465ee728b)  -> (artifact id: '3e9812700c8e690a842b3f835be09539') in 0.029823 seconds 
Number of asset objects unloaded after import = 5
========================================================================
Received Import Request.
  Time since last request: 0.000024 seconds.
  path: Assets/Exterior_swimming_pool/Materials/esp_tile_color3.mat
  artifactKey: Guid(5cdd7a126a87df74abb970bdfba3664b) Importer(815301076,1909f56bfc062723c751e8b465ee728b)
Number of updated assets reloaded before import = 0
Start importing Assets/Exterior_swimming_pool/Materials/esp_tile_color3.mat using Guid(5cdd7a126a87df74abb970bdfba3664b) Importer(815301076,1909f56bfc062723c751e8b465ee728b)  -> (artifact id: '4da6e0599ce57d7bbe812be3f7551b6a') in 0.025183 seconds 
Number of asset objects unloaded after import = 6
========================================================================
Received Import Request.
  Time since last request: 0.000024 seconds.
  path: Assets/Exterior_swimming_pool/Materials/esp_tile_color2.mat
  artifactKey: Guid(c131595ccd122f44990ee25593292f35) Importer(815301076,1909f56bfc062723c751e8b465ee728b)
Number of updated assets reloaded before import = 0
Start importing Assets/Exterior_swimming_pool/Materials/esp_tile_color2.mat using Guid(c131595ccd122f44990ee25593292f35) Importer(815301076,1909f56bfc062723c751e8b465ee728b)  -> (artifact id: '0624feea85f1c0a82a065126a479b856') in 0.030677 seconds 
Number of asset objects unloaded after import = 6
========================================================================
Received Import Request.
  Time since last request: 0.000045 seconds.
  path: Assets/Exterior_swimming_pool/Materials/esp_light.mat
  artifactKey: Guid(74114bcbfafb682428ff66913b90473c) Importer(815301076,1909f56bfc062723c751e8b465ee728b)
Number of updated assets reloaded before import = 0
Start importing Assets/Exterior_swimming_pool/Materials/esp_light.mat using Guid(74114bcbfafb682428ff66913b90473c) Importer(815301076,1909f56bfc062723c751e8b465ee728b)  -> (artifact id: '34e8fed3f7c88d9d412f5043e05d88e9') in 0.024696 seconds 
Number of asset objects unloaded after import = 4
========================================================================
Received Import Request.
  Time since last request: 0.000022 seconds.
  path: Assets/Exterior_swimming_pool/Meshes/exterior_swimming_pool.fbx
  artifactKey: Guid(462c2619e4d82cb4ba4a74d473f04b6b) Importer(815301076,1909f56bfc062723c751e8b465ee728b)
Number of updated assets reloaded before import = 0
Start importing Assets/Exterior_swimming_pool/Meshes/exterior_swimming_pool.fbx using Guid(462c2619e4d82cb4ba4a74d473f04b6b) Importer(815301076,1909f56bfc062723c751e8b465ee728b)  -> (artifact id: 'aff6e3c0c299bd1c5fb78c2f56226213') in 0.642737 seconds 
Number of asset objects unloaded after import = 199
========================================================================
Received Import Request.
  Time since last request: 143.680563 seconds.
  path: Assets/Exterior_swimming_pool/prefabs/exterior_swimming_pool.prefab
  artifactKey: Guid(494a6bdcc93baf2478bb4b288cbfcd44) Importer(815301076,1909f56bfc062723c751e8b465ee728b)
Number of updated assets reloaded before import = 0
Start importing Assets/Exterior_swimming_pool/prefabs/exterior_swimming_pool.prefab using Guid(494a6bdcc93baf2478bb4b288cbfcd44) Importer(815301076,1909f56bfc062723c751e8b465ee728b)  -> (artifact id: '82566cafcff9ca3f4dbb51fccf545009') in 0.121438 seconds 
Number of asset objects unloaded after import = 208
========================================================================
Received Import Request.
  Time since last request: 29.089728 seconds.
  path: Assets/Exterior_swimming_pool/Water/Materials/Water4Advanced.mat
  artifactKey: Guid(a5f2339f242f6cc41a982ec55ea3c201) Importer(815301076,1909f56bfc062723c751e8b465ee728b)
Number of updated assets reloaded before import = 0
Start importing Assets/Exterior_swimming_pool/Water/Materials/Water4Advanced.mat using Guid(a5f2339f242f6cc41a982ec55ea3c201) Importer(815301076,1909f56bfc062723c751e8b465ee728b) Shader properties can't be added to this global property sheet. Trying to add _RefractionTex (type 4 count 1)
UnityEngine.StackTraceUtility:ExtractStackTrace ()
UnityEngine.Rendering.ScriptableRenderContext:Submit_Internal ()
UnityEngine.Rendering.ScriptableRenderContext:Submit ()
UnityEngine.Rendering.Universal.UniversalRenderPipeline:RenderSingleCamera (UnityEngine.Rendering.ScriptableRenderContext,UnityEngine.Rendering.Universal.CameraData,bool) (at Library/PackageCache/com.unity.render-pipelines.universal@12.1.12/Runtime/UniversalRenderPipeline.cs:446)
UnityEngine.Rendering.Universal.UniversalRenderPipeline:RenderSingleCamera (UnityEngine.Rendering.ScriptableRenderContext,UnityEngine.Camera) (at Library/PackageCache/com.unity.render-pipelines.universal@12.1.12/Runtime/UniversalRenderPipeline.cs:339)
UnityEngine.Rendering.Universal.UniversalRenderPipeline:Render (UnityEngine.Rendering.ScriptableRenderContext,System.Collections.Generic.List`1<UnityEngine.Camera>) (at Library/PackageCache/com.unity.render-pipelines.universal@12.1.12/Runtime/UniversalRenderPipeline.cs:294)
UnityEngine.Rendering.RenderPipeline:InternalRender (UnityEngine.Rendering.ScriptableRenderContext,System.Collections.Generic.List`1<UnityEngine.Camera>)
UnityEngine.Rendering.RenderPipelineManager:DoRenderLoop_Internal (UnityEngine.Rendering.RenderPipelineAsset,intptr,System.Collections.Generic.List`1<UnityEngine.Camera/RenderRequest>,Unity.Collections.LowLevel.Unsafe.AtomicSafetyHandle)
UnityEditor.PreviewRenderUtility:Render (bool,bool)
UnityEditor.MaterialEditor:DoRenderPreview (UnityEditor.PreviewRenderUtility,bool)
UnityEditor.MaterialEditor:RenderStaticPreview (string,UnityEngine.Object[],int,int)
UnityEditor.AssetPreviewUpdater:CreatePreview (UnityEngine.Object,UnityEngine.Object[],string,int,int)
UnityEditor.AssetPreviewUpdater:CreatePreviewForAsset (UnityEngine.Object,UnityEngine.Object[],string)

[Library/PackageCache/com.unity.render-pipelines.universal@12.1.12/Runtime/UniversalRenderPipeline.cs line 446]

Shader properties can't be added to this global property sheet. Trying to add _RefractionTex_ST (type 2 count 1)
UnityEngine.StackTraceUtility:ExtractStackTrace ()
UnityEngine.Rendering.ScriptableRenderContext:Submit_Internal ()
UnityEngine.Rendering.ScriptableRenderContext:Submit ()
UnityEngine.Rendering.Universal.UniversalRenderPipeline:RenderSingleCamera (UnityEngine.Rendering.ScriptableRenderContext,UnityEngine.Rendering.Universal.CameraData,bool) (at Library/PackageCache/com.unity.render-pipelines.universal@12.1.12/Runtime/UniversalRenderPipeline.cs:446)
UnityEngine.Rendering.Universal.UniversalRenderPipeline:RenderSingleCamera (UnityEngine.Rendering.ScriptableRenderContext,UnityEngine.Camera) (at Library/PackageCache/com.unity.render-pipelines.universal@12.1.12/Runtime/UniversalRenderPipeline.cs:339)
UnityEngine.Rendering.Universal.UniversalRenderPipeline:Render (UnityEngine.Rendering.ScriptableRenderContext,System.Collections.Generic.List`1<UnityEngine.Camera>) (at Library/PackageCache/com.unity.render-pipelines.universal@12.1.12/Runtime/UniversalRenderPipeline.cs:294)
UnityEngine.Rendering.RenderPipeline:InternalRender (UnityEngine.Rendering.ScriptableRenderContext,System.Collections.Generic.List`1<UnityEngine.Camera>)
UnityEngine.Rendering.RenderPipelineManager:DoRenderLoop_Internal (UnityEngine.Rendering.RenderPipelineAsset,intptr,System.Collections.Generic.List`1<UnityEngine.Camera/RenderRequest>,Unity.Collections.LowLevel.Unsafe.AtomicSafetyHandle)
UnityEditor.PreviewRenderUtility:Render (bool,bool)
UnityEditor.MaterialEditor:DoRenderPreview (UnityEditor.PreviewRenderUtility,bool)
UnityEditor.MaterialEditor:RenderStaticPreview (string,UnityEngine.Object[],int,int)
UnityEditor.AssetPreviewUpdater:CreatePreview (UnityEngine.Object,UnityEngine.Object[],string,int,int)
UnityEditor.AssetPreviewUpdater:CreatePreviewForAsset (UnityEngine.Object,UnityEngine.Object[],string)

[Library/PackageCache/com.unity.render-pipelines.universal@12.1.12/Runtime/UniversalRenderPipeline.cs line 446]

Shader properties can't be added to this global property sheet. Trying to add _RefractionTex_TexelSize (type 2 count 1)
UnityEngine.StackTraceUtility:ExtractStackTrace ()
UnityEngine.Rendering.ScriptableRenderContext:Submit_Internal ()
UnityEngine.Rendering.ScriptableRenderContext:Submit ()
UnityEngine.Rendering.Universal.UniversalRenderPipeline:RenderSingleCamera (UnityEngine.Rendering.ScriptableRenderContext,UnityEngine.Rendering.Universal.CameraData,bool) (at Library/PackageCache/com.unity.render-pipelines.universal@12.1.12/Runtime/UniversalRenderPipeline.cs:446)
UnityEngine.Rendering.Universal.UniversalRenderPipeline:RenderSingleCamera (UnityEngine.Rendering.ScriptableRenderContext,UnityEngine.Camera) (at Library/PackageCache/com.unity.render-pipelines.universal@12.1.12/Runtime/UniversalRenderPipeline.cs:339)
UnityEngine.Rendering.Universal.UniversalRenderPipeline:Render (UnityEngine.Rendering.ScriptableRenderContext,System.Collections.Generic.List`1<UnityEngine.Camera>) (at Library/PackageCache/com.unity.render-pipelines.universal@12.1.12/Runtime/UniversalRenderPipeline.cs:294)
UnityEngine.Rendering.RenderPipeline:InternalRender (UnityEngine.Rendering.ScriptableRenderContext,System.Collections.Generic.List`1<UnityEngine.Camera>)
UnityEngine.Rendering.RenderPipelineManager:DoRenderLoop_Internal (UnityEngine.Rendering.RenderPipelineAsset,intptr,System.Collections.Generic.List`1<UnityEngine.Camera/RenderRequest>,Unity.Collections.LowLevel.Unsafe.AtomicSafetyHandle)
UnityEditor.PreviewRenderUtility:Render (bool,bool)
UnityEditor.MaterialEditor:DoRenderPreview (UnityEditor.PreviewRenderUtility,bool)
UnityEditor.MaterialEditor:RenderStaticPreview (string,UnityEngine.Object[],int,int)
UnityEditor.AssetPreviewUpdater:CreatePreview (UnityEngine.Object,UnityEngine.Object[],string,int,int)
UnityEditor.AssetPreviewUpdater:CreatePreviewForAsset (UnityEngine.Object,UnityEngine.Object[],string)

[Library/PackageCache/com.unity.render-pipelines.universal@12.1.12/Runtime/UniversalRenderPipeline.cs line 446]

Shader properties can't be added to this global property sheet. Trying to add _RefractionTex_HDR (type 2 count 1)
UnityEngine.StackTraceUtility:ExtractStackTrace ()
UnityEngine.Rendering.ScriptableRenderContext:Submit_Internal ()
UnityEngine.Rendering.ScriptableRenderContext:Submit ()
UnityEngine.Rendering.Universal.UniversalRenderPipeline:RenderSingleCamera (UnityEngine.Rendering.ScriptableRenderContext,UnityEngine.Rendering.Universal.CameraData,bool) (at Library/PackageCache/com.unity.render-pipelines.universal@12.1.12/Runtime/UniversalRenderPipeline.cs:446)
UnityEngine.Rendering.Universal.UniversalRenderPipeline:RenderSingleCamera (UnityEngine.Rendering.ScriptableRenderContext,UnityEngine.Camera) (at Library/PackageCache/com.unity.render-pipelines.universal@12.1.12/Runtime/UniversalRenderPipeline.cs:339)
UnityEngine.Rendering.Universal.UniversalRenderPipeline:Render (UnityEngine.Rendering.ScriptableRenderContext,System.Collections.Generic.List`1<UnityEngine.Camera>) (at Library/PackageCache/com.unity.render-pipelines.universal@12.1.12/Runtime/UniversalRenderPipeline.cs:294)
UnityEngine.Rendering.RenderPipeline:InternalRender (UnityEngine.Rendering.ScriptableRenderContext,System.Collections.Generic.List`1<UnityEngine.Camera>)
UnityEngine.Rendering.RenderPipelineManager:DoRenderLoop_Internal (UnityEngine.Rendering.RenderPipelineAsset,intptr,System.Collections.Generic.List`1<UnityEngine.Camera/RenderRequest>,Unity.Collections.LowLevel.Unsafe.AtomicSafetyHandle)
UnityEditor.PreviewRenderUtility:Render (bool,bool)
UnityEditor.MaterialEditor:DoRenderPreview (UnityEditor.PreviewRenderUtility,bool)
UnityEditor.MaterialEditor:RenderStaticPreview (string,UnityEngine.Object[],int,int)
UnityEditor.AssetPreviewUpdater:CreatePreview (UnityEngine.Object,UnityEngine.Object[],string,int,int)
UnityEditor.AssetPreviewUpdater:CreatePreviewForAsset (UnityEngine.Object,UnityEngine.Object[],string)

[Library/PackageCache/com.unity.render-pipelines.universal@12.1.12/Runtime/UniversalRenderPipeline.cs line 446]

 -> (artifact id: 'e7afeded15b1777ef60df4797763fb53') in 0.038939 seconds 
Number of asset objects unloaded after import = 4
========================================================================
Received Import Request.
  Time since last request: 0.000041 seconds.
  path: Assets/Water/WaveMaterial.mat
  artifactKey: Guid(d74a3dce29f4f9e4497b0bb5a009acf0) Importer(815301076,1909f56bfc062723c751e8b465ee728b)
Number of updated assets reloaded before import = 0
Start importing Assets/Water/WaveMaterial.mat using Guid(d74a3dce29f4f9e4497b0bb5a009acf0) Importer(815301076,1909f56bfc062723c751e8b465ee728b)  -> (artifact id: '564e41692ffb6da3248d7b3dd857db6a') in 0.645200 seconds 
Number of asset objects unloaded after import = 3
========================================================================
Received Import Request.
  Time since last request: 0.515795 seconds.
  path: Assets/Water/CausticMaterial.mat
  artifactKey: Guid(d02fa4468f043304ab89cf4795aab5dc) Importer(815301076,1909f56bfc062723c751e8b465ee728b)
Number of updated assets reloaded before import = 0
Start importing Assets/Water/CausticMaterial.mat using Guid(d02fa4468f043304ab89cf4795aab5dc) Importer(815301076,1909f56bfc062723c751e8b465ee728b)  -> (artifact id: '9ed2f67c21819df491ec11b8c8e1f579') in 0.033951 seconds 
Number of asset objects unloaded after import = 2
========================================================================
Received Import Request.
  Time since last request: 76.442848 seconds.
  path: Assets/Exterior_swimming_pool/Textures/esp_concrete_black.png
  artifactKey: Guid(9c3496bea4f4da745bc9fd944be0b95f) Importer(815301076,1909f56bfc062723c751e8b465ee728b)
Number of updated assets reloaded before import = 0
Start importing Assets/Exterior_swimming_pool/Textures/esp_concrete_black.png using Guid(9c3496bea4f4da745bc9fd944be0b95f) Importer(815301076,1909f56bfc062723c751e8b465ee728b)  -> (artifact id: 'c679f980c8e145ddf7ed17e7e21d360d') in 0.236886 seconds 
Number of asset objects unloaded after import = 2
========================================================================
Received Import Request.
  Time since last request: 0.000061 seconds.
  path: Assets/Exterior_swimming_pool/Textures/esp_tile_color2.png
  artifactKey: Guid(7260a4fae2bbb3a4485112fe62553330) Importer(815301076,1909f56bfc062723c751e8b465ee728b)
Number of updated assets reloaded before import = 0
Start importing Assets/Exterior_swimming_pool/Textures/esp_tile_color2.png using Guid(7260a4fae2bbb3a4485112fe62553330) Importer(815301076,1909f56bfc062723c751e8b465ee728b)  -> (artifact id: '5d8d4c080952314efb992e5683369e6c') in 0.031203 seconds 
Number of asset objects unloaded after import = 2
========================================================================
Received Import Request.
  Time since last request: 0.000062 seconds.
  path: Assets/Exterior_swimming_pool/Textures/esp_stone_trim_r.png
  artifactKey: Guid(13d77e96d994e414a996ac545b3e7d06) Importer(815301076,1909f56bfc062723c751e8b465ee728b)
Number of updated assets reloaded before import = 0
Start importing Assets/Exterior_swimming_pool/Textures/esp_stone_trim_r.png using Guid(13d77e96d994e414a996ac545b3e7d06) Importer(815301076,1909f56bfc062723c751e8b465ee728b)  -> (artifact id: '73e3fd5f43f34f618a878ab68a0caa44') in 0.029023 seconds 
Number of asset objects unloaded after import = 2
========================================================================
Received Import Request.
  Time since last request: 0.000034 seconds.
  path: Assets/Exterior_swimming_pool/Textures/esp_Light_01.png
  artifactKey: Guid(19387c120a5a0e641afbc72a975e7acb) Importer(815301076,1909f56bfc062723c751e8b465ee728b)
Number of updated assets reloaded before import = 0
Start importing Assets/Exterior_swimming_pool/Textures/esp_Light_01.png using Guid(19387c120a5a0e641afbc72a975e7acb) Importer(815301076,1909f56bfc062723c751e8b465ee728b)  -> (artifact id: '0de6cb8d06e623c13f29d6e6a8e44ed9') in 0.027598 seconds 
Number of asset objects unloaded after import = 2
========================================================================
Received Import Request.
  Time since last request: 3.629171 seconds.
  path: Assets/Exterior_swimming_pool/Textures/HEIGHT
  artifactKey: Guid(74934e0f18172164985a64c884585ad3) Importer(815301076,1909f56bfc062723c751e8b465ee728b)
Number of updated assets reloaded before import = 0
Start importing Assets/Exterior_swimming_pool/Textures/HEIGHT using Guid(74934e0f18172164985a64c884585ad3) Importer(815301076,1909f56bfc062723c751e8b465ee728b)  -> (artifact id: '2d1c7cd1c16b2821f7641fa0f01d6288') in 0.011843 seconds 
Number of asset objects unloaded after import = 0
========================================================================
Received Import Request.
  Time since last request: 0.049717 seconds.
  path: Assets/Exterior_swimming_pool/Textures/HEIGHT/esp_concrete_floor_height.png
  artifactKey: Guid(8f2c87bf0ad94a44c9f909d700f6052e) Importer(815301076,1909f56bfc062723c751e8b465ee728b)
Number of updated assets reloaded before import = 0
Start importing Assets/Exterior_swimming_pool/Textures/HEIGHT/esp_concrete_floor_height.png using Guid(8f2c87bf0ad94a44c9f909d700f6052e) Importer(815301076,1909f56bfc062723c751e8b465ee728b)  -> (artifact id: '39225cec1383d1f24d5269cc6d0a98ec') in 0.028691 seconds 
Number of asset objects unloaded after import = 2
========================================================================
Received Import Request.
  Time since last request: 11.323002 seconds.
  path: Assets/Exterior_swimming_pool/Textures/esp_concrete_floor.mat
  artifactKey: Guid(0596ad10596cb114d838ea3895e87095) Importer(815301076,1909f56bfc062723c751e8b465ee728b)
Number of updated assets reloaded before import = 0
Start importing Assets/Exterior_swimming_pool/Textures/esp_concrete_floor.mat using Guid(0596ad10596cb114d838ea3895e87095) Importer(815301076,1909f56bfc062723c751e8b465ee728b)  -> (artifact id: 'a605fa980b12f57a14ee38c1fd7a046e') in 0.041337 seconds 
Number of asset objects unloaded after import = 6
========================================================================
Received Import Request.
  Time since last request: 0.000030 seconds.
  path: Assets/Exterior_swimming_pool/Textures/esp_tile_color1.mat
  artifactKey: Guid(5cb0816980c0e174580cb104d2bd2a05) Importer(815301076,1909f56bfc062723c751e8b465ee728b)
Number of updated assets reloaded before import = 0
Start importing Assets/Exterior_swimming_pool/Textures/esp_tile_color1.mat using Guid(5cb0816980c0e174580cb104d2bd2a05) Importer(815301076,1909f56bfc062723c751e8b465ee728b)  -> (artifact id: 'cc110871c454daf94105abd3e15e9c82') in 0.027058 seconds 
Number of asset objects unloaded after import = 5
========================================================================
Received Import Request.
  Time since last request: 0.000036 seconds.
  path: Assets/Exterior_swimming_pool/Textures/esp_metal_bare.mat
  artifactKey: Guid(9c4e30ec28fc83c40aff3583d7565c53) Importer(815301076,1909f56bfc062723c751e8b465ee728b)
Number of updated assets reloaded before import = 0
Start importing Assets/Exterior_swimming_pool/Textures/esp_metal_bare.mat using Guid(9c4e30ec28fc83c40aff3583d7565c53) Importer(815301076,1909f56bfc062723c751e8b465ee728b)  -> (artifact id: '2b494777d851b3e44aca3db0d78e7bde') in 0.028308 seconds 
Number of asset objects unloaded after import = 5
========================================================================
Received Import Request.
  Time since last request: 0.000041 seconds.
  path: Assets/Exterior_swimming_pool/Textures/esp_tile_color3.mat
  artifactKey: Guid(5cdd7a126a87df74abb970bdfba3664b) Importer(815301076,1909f56bfc062723c751e8b465ee728b)
Number of updated assets reloaded before import = 0
Start importing Assets/Exterior_swimming_pool/Textures/esp_tile_color3.mat using Guid(5cdd7a126a87df74abb970bdfba3664b) Importer(815301076,1909f56bfc062723c751e8b465ee728b)  -> (artifact id: '7cf70660f6090510d095fa9221ae4ee4') in 0.023561 seconds 
Number of asset objects unloaded after import = 5
========================================================================
Received Import Request.
  Time since last request: 0.000034 seconds.
  path: Assets/Exterior_swimming_pool/Textures/esp_light.mat
  artifactKey: Guid(74114bcbfafb682428ff66913b90473c) Importer(815301076,1909f56bfc062723c751e8b465ee728b)
Number of updated assets reloaded before import = 0
Start importing Assets/Exterior_swimming_pool/Textures/esp_light.mat using Guid(74114bcbfafb682428ff66913b90473c) Importer(815301076,1909f56bfc062723c751e8b465ee728b)  -> (artifact id: '88731f10d3d64b36ddf2b38a7ebebe51') in 0.023732 seconds 
Number of asset objects unloaded after import = 3
========================================================================
Received Prepare
Registering precompiled user dll's ...
Registered in 0.005160 seconds.
Begin MonoManager ReloadAssembly
Native extension for WindowsStandalone target not found
Refreshing native plugins compatible for Editor in 0.98 ms, found 3 plugins.
Preloading 0 native plugins for Editor in 0.00 ms.
[Package Manager] Server::EnsureServerProcessIsRunning -- launch failed, reason: Unity was launched with the -noUpm command-line argument
[Package Manager] Cannot connect to Unity Package Manager local server
Mono: successfully reloaded assembly
- Completed reload, in  2.042 seconds
Domain Reload Profiling:
	ReloadAssembly (2043ms)
		BeginReloadAssembly (532ms)
			ExecutionOrderSort (0ms)
			DisableScriptedObjects (43ms)
			BackupInstance (0ms)
			ReleaseScriptingObjects (0ms)
			CreateAndSetChildDomain (308ms)
		EndReloadAssembly (1410ms)
			LoadAssemblies (141ms)
			RebuildTransferFunctionScriptingTraits (0ms)
			SetupTypeCache (322ms)
			ReleaseScriptCaches (3ms)
			RebuildScriptCaches (62ms)
			SetupLoadedEditorAssemblies (871ms)
				LogAssemblyErrors (0ms)
				InitializePlatformSupportModulesInManaged (6ms)
				SetLoadedEditorAssemblies (1ms)
				RefreshPlugins (1ms)
				BeforeProcessingInitializeOnLoad (92ms)
				ProcessInitializeOnLoadAttributes (702ms)
				ProcessInitializeOnLoadMethodAttributes (63ms)
				AfterProcessingInitializeOnLoad (5ms)
				EditorAssembliesLoaded (0ms)
			ExecutionOrderSort2 (0ms)
			AwakeInstancesAfterBackupRestoration (18ms)
Platform modules already initialized, skipping
Refreshing native plugins compatible for Editor in 1.24 ms, found 3 plugins.
Preloading 0 native plugins for Editor in 0.00 ms.
Unloading 5162 Unused Serialized files (Serialized files now loaded: 0)
Unloading 45 unused Assets / (1.4 MB). Loaded Objects now: 5882.
Memory consumption went from 305.8 MB to 304.4 MB.
Total: 11.495400 ms (FindLiveObjects: 0.524000 ms CreateObjectMapping: 0.232300 ms MarkObjects: 9.978800 ms  DeleteObjects: 0.759100 ms)

AssetImportParameters requested are different than current active one (requested -> active):
  custom:video-decoder-ogg-theora: a1e56fd34408186e4bbccfd4996cb3dc -> 
  custom:container-muxer-webm: aa71ff27fc2769a1b78a27578f13a17b -> 
  custom:container-demuxer-webm: 4f35f7cbe854078d1ac9338744f61a02 -> 
  custom:video-encoder-webm-vp8: eb34c28f22e8b96e1ab97ce403110664 -> 
  custom:CustomObjectIndexerAttribute: 6b0e35c9178b02a6363f3721b7b8e397 -> 
  custom:audio-encoder-webm-vorbis: bf7c407c2cedff20999df2af8eb42d56 -> 
  custom:framework-win-MediaFoundation: 216162199b28c13a410421893ffa2e32 -> 
  custom:SearchIndexIgnoredProperties: e643bd26f0fe6173181afceb89e7c659 -> 
  custom:container-demuxer-ogg: 62fdf1f143b41e24485cea50d1cbac27 -> 
  custom:video-decoder-webm-vp8: 9c59270c3fd7afecdb556c50c9e8de78 -> 
  custom:audio-decoder-ogg-vorbis: bf7c407c2cedff20999df2af8eb42d56 -> 
========================================================================
Received Import Request.
  Time since last request: 240.164535 seconds.
  path: Assets/Exterior_swimming_pool/Textures/NORMAL/esp_concrete_floor_nml.png
  artifactKey: Guid(7216e42129921f741aa5926f3c37bb08) Importer(815301076,1909f56bfc062723c751e8b465ee728b)
Number of updated assets reloaded before import = 0
Start importing Assets/Exterior_swimming_pool/Textures/NORMAL/esp_concrete_floor_nml.png using Guid(7216e42129921f741aa5926f3c37bb08) Importer(815301076,1909f56bfc062723c751e8b465ee728b)  -> (artifact id: '40f2586dccd1ed2f41da4f1e98658307') in 0.272321 seconds 
Number of asset objects unloaded after import = 2
========================================================================
Received Import Request.
  Time since last request: 0.000063 seconds.
  path: Assets/Exterior_swimming_pool/Textures/NORMAL/esp_diving_board_nml.png
  artifactKey: Guid(f46825c9ebc019a429e7725afda387ca) Importer(815301076,1909f56bfc062723c751e8b465ee728b)
Number of updated assets reloaded before import = 0
Start importing Assets/Exterior_swimming_pool/Textures/NORMAL/esp_diving_board_nml.png using Guid(f46825c9ebc019a429e7725afda387ca) Importer(815301076,1909f56bfc062723c751e8b465ee728b)  -> (artifact id: '1c9a004169ec915bf9c6e3c7f5ff7aa5') in 0.034336 seconds 
Number of asset objects unloaded after import = 2
========================================================================
Received Import Request.
  Time since last request: 5.093514 seconds.
  path: Assets/Exterior_swimming_pool/Textures/AO/esp_concrete_floor_ao.png
  artifactKey: Guid(e5d237c1a710430469f8e5c78918cab9) Importer(815301076,1909f56bfc062723c751e8b465ee728b)
Number of updated assets reloaded before import = 0
Start importing Assets/Exterior_swimming_pool/Textures/AO/esp_concrete_floor_ao.png using Guid(e5d237c1a710430469f8e5c78918cab9) Importer(815301076,1909f56bfc062723c751e8b465ee728b)  -> (artifact id: 'e1ff1fe6ffdeda23020c99298f9b179c') in 0.026321 seconds 
Number of asset objects unloaded after import = 2
========================================================================
Received Import Request.
  Time since last request: 0.000027 seconds.
  path: Assets/Exterior_swimming_pool/Textures/AO/esp_tile_color2_ao.png
  artifactKey: Guid(e08e693d56f0fb74ca66ee33ff8955f7) Importer(815301076,1909f56bfc062723c751e8b465ee728b)
Number of updated assets reloaded before import = 0
Start importing Assets/Exterior_swimming_pool/Textures/AO/esp_tile_color2_ao.png using Guid(e08e693d56f0fb74ca66ee33ff8955f7) Importer(815301076,1909f56bfc062723c751e8b465ee728b)  -> (artifact id: 'db8db1c60ee13fe73dfa9180fb327e92') in 0.022482 seconds 
Number of asset objects unloaded after import = 2
========================================================================
Received Import Request.
  Time since last request: 0.000034 seconds.
  path: Assets/Exterior_swimming_pool/Textures/AO/esp_tile_color1_ao.png
  artifactKey: Guid(4ad9a09edaab84a4e98465a22b404fd7) Importer(815301076,1909f56bfc062723c751e8b465ee728b)
Number of updated assets reloaded before import = 0
Start importing Assets/Exterior_swimming_pool/Textures/AO/esp_tile_color1_ao.png using Guid(4ad9a09edaab84a4e98465a22b404fd7) Importer(815301076,1909f56bfc062723c751e8b465ee728b)  -> (artifact id: '4c35df2999b9e4516cec47f81b5dcc29') in 0.029969 seconds 
Number of asset objects unloaded after import = 2
========================================================================
Received Import Request.
  Time since last request: 0.000022 seconds.
  path: Assets/Exterior_swimming_pool/Textures/AO/esp_tile_color3_ao.png
  artifactKey: Guid(f64638fde1634c34ebcf50b1d8de7450) Importer(815301076,1909f56bfc062723c751e8b465ee728b)
Number of updated assets reloaded before import = 0
Start importing Assets/Exterior_swimming_pool/Textures/AO/esp_tile_color3_ao.png using Guid(f64638fde1634c34ebcf50b1d8de7450) Importer(815301076,1909f56bfc062723c751e8b465ee728b)  -> (artifact id: 'f84189cb347c65efacedab57dbac6678') in 0.024668 seconds 
Number of asset objects unloaded after import = 2
Editor requested this worker to shutdown with reason: Scaling down because of idle timeout
AssetImportWorker is now disconnected from the server
Process exiting
Exiting without the bug reporter. Application will terminate with return code 0